!SESSION 2018-02-07 09:31:46.246 -----------------------------------------------
eclipse.buildId=4.4.0.I20140606-1215
java.version=1.7.0_07
java.vendor=Oracle Corporation
BootLoader constants: OS=win32, ARCH=x86, WS=win32, NL=en_US
Framework arguments:  -product org.eclipse.epp.package.jee.product
Command-line arguments:  -os win32 -ws win32 -arch x86 -product org.eclipse.epp.package.jee.product

!ENTRY org.eclipse.m2e.wtp 4 0 2018-02-07 09:32:17.547
!MESSAGE FrameworkEvent ERROR
!STACK 0
org.osgi.framework.BundleException: Could not resolve module: org.eclipse.m2e.wtp [543]
  Unresolved requirement: Require-Bundle: org.eclipse.m2e.maven.runtime; bundle-version="[1.5.0,2.0.0)"
    -> Bundle-SymbolicName: org.eclipse.m2e.maven.runtime; bundle-version="1.7.0.20160603-1931"; singleton:="false"
       org.eclipse.m2e.maven.runtime [909]
         Unresolved requirement: Require-Bundle: org.eclipse.m2e.maven.runtime.slf4j.simple; bundle-version="[1.7.0,1.8.0)"
           -> Bundle-SymbolicName: org.eclipse.m2e.maven.runtime.slf4j.simple; bundle-version="1.7.0.20160603-1931"; singleton:="false"
              org.eclipse.m2e.maven.runtime.slf4j.simple [910]
                Unresolved requirement: Require-Capability: osgi.ee; filter:="(&(osgi.ee=JavaSE)(version=1.8))"

	at org.eclipse.osgi.container.Module.start(Module.java:434)
	at org.eclipse.osgi.container.ModuleContainer$ContainerStartLevel.incStartLevel(ModuleContainer.java:1582)
	at org.eclipse.osgi.container.ModuleContainer$ContainerStartLevel.incStartLevel(ModuleContainer.java:1561)
	at org.eclipse.osgi.container.ModuleContainer$ContainerStartLevel.doContainerStartLevel(ModuleContainer.java:1533)
	at org.eclipse.osgi.container.ModuleContainer$ContainerStartLevel.dispatchEvent(ModuleContainer.java:1476)
	at org.eclipse.osgi.container.ModuleContainer$ContainerStartLevel.dispatchEvent(ModuleContainer.java:1)
	at org.eclipse.osgi.framework.eventmgr.EventManager.dispatchEvent(EventManager.java:230)
	at org.eclipse.osgi.framework.eventmgr.EventManager$EventThread.run(EventManager.java:340)

!ENTRY org.eclipse.m2e.wtp.jaxrs 4 0 2018-02-07 09:32:17.853
!MESSAGE FrameworkEvent ERROR
!STACK 0
org.osgi.framework.BundleException: Could not resolve module: org.eclipse.m2e.wtp.jaxrs [544]
  Unresolved requirement: Require-Bundle: org.eclipse.m2e.maven.runtime
    -> Bundle-SymbolicName: org.eclipse.m2e.maven.runtime; bundle-version="1.7.0.20160603-1931"; singleton:="false"
       org.eclipse.m2e.maven.runtime [909]
         Unresolved requirement: Require-Bundle: org.eclipse.m2e.maven.runtime.slf4j.simple; bundle-version="[1.7.0,1.8.0)"
           -> Bundle-SymbolicName: org.eclipse.m2e.maven.runtime.slf4j.simple; bundle-version="1.7.0.20160603-1931"; singleton:="false"
              org.eclipse.m2e.maven.runtime.slf4j.simple [910]
                Unresolved requirement: Require-Capability: osgi.ee; filter:="(&(osgi.ee=JavaSE)(version=1.8))"

	at org.eclipse.osgi.container.Module.start(Module.java:434)
	at org.eclipse.osgi.container.ModuleContainer$ContainerStartLevel.incStartLevel(ModuleContainer.java:1582)
	at org.eclipse.osgi.container.ModuleContainer$ContainerStartLevel.incStartLevel(ModuleContainer.java:1561)
	at org.eclipse.osgi.container.ModuleContainer$ContainerStartLevel.doContainerStartLevel(ModuleContainer.java:1533)
	at org.eclipse.osgi.container.ModuleContainer$ContainerStartLevel.dispatchEvent(ModuleContainer.java:1476)
	at org.eclipse.osgi.container.ModuleContainer$ContainerStartLevel.dispatchEvent(ModuleContainer.java:1)
	at org.eclipse.osgi.framework.eventmgr.EventManager.dispatchEvent(EventManager.java:230)
	at org.eclipse.osgi.framework.eventmgr.EventManager$EventThread.run(EventManager.java:340)

!ENTRY org.eclipse.m2e.wtp.jpa 4 0 2018-02-07 09:32:17.857
!MESSAGE FrameworkEvent ERROR
!STACK 0
org.osgi.framework.BundleException: Could not resolve module: org.eclipse.m2e.wtp.jpa [545]
  Unresolved requirement: Require-Bundle: org.eclipse.m2e.core
    -> Bundle-SymbolicName: org.eclipse.m2e.core; bundle-version="1.7.0.20160603-1933"; singleton:="true"
       org.eclipse.m2e.core [896]
         Unresolved requirement: Require-Bundle: org.eclipse.m2e.maven.runtime; bundle-version="[1.7.0,1.8.0)"
           -> Bundle-SymbolicName: org.eclipse.m2e.maven.runtime; bundle-version="1.7.0.20160603-1931"; singleton:="false"
              org.eclipse.m2e.maven.runtime [909]
                Unresolved requirement: Require-Bundle: org.eclipse.m2e.maven.runtime.slf4j.simple; bundle-version="[1.7.0,1.8.0)"
                  -> Bundle-SymbolicName: org.eclipse.m2e.maven.runtime.slf4j.simple; bundle-version="1.7.0.20160603-1931"; singleton:="false"
                     org.eclipse.m2e.maven.runtime.slf4j.simple [910]
                       Unresolved requirement: Require-Capability: osgi.ee; filter:="(&(osgi.ee=JavaSE)(version=1.8))"

	at org.eclipse.osgi.container.Module.start(Module.java:434)
	at org.eclipse.osgi.container.ModuleContainer$ContainerStartLevel.incStartLevel(ModuleContainer.java:1582)
	at org.eclipse.osgi.container.ModuleContainer$ContainerStartLevel.incStartLevel(ModuleContainer.java:1561)
	at org.eclipse.osgi.container.ModuleContainer$ContainerStartLevel.doContainerStartLevel(ModuleContainer.java:1533)
	at org.eclipse.osgi.container.ModuleContainer$ContainerStartLevel.dispatchEvent(ModuleContainer.java:1476)
	at org.eclipse.osgi.container.ModuleContainer$ContainerStartLevel.dispatchEvent(ModuleContainer.java:1)
	at org.eclipse.osgi.framework.eventmgr.EventManager.dispatchEvent(EventManager.java:230)
	at org.eclipse.osgi.framework.eventmgr.EventManager$EventThread.run(EventManager.java:340)

!ENTRY org.eclipse.m2e.wtp.jsf 4 0 2018-02-07 09:32:17.862
!MESSAGE FrameworkEvent ERROR
!STACK 0
org.osgi.framework.BundleException: Could not resolve module: org.eclipse.m2e.wtp.jsf [546]
  Unresolved requirement: Require-Bundle: org.eclipse.m2e.core
    -> Bundle-SymbolicName: org.eclipse.m2e.core; bundle-version="1.7.0.20160603-1933"; singleton:="true"
       org.eclipse.m2e.core [896]
         Unresolved requirement: Require-Bundle: org.eclipse.m2e.maven.runtime; bundle-version="[1.7.0,1.8.0)"
           -> Bundle-SymbolicName: org.eclipse.m2e.maven.runtime; bundle-version="1.7.0.20160603-1931"; singleton:="false"
              org.eclipse.m2e.maven.runtime [909]
                Unresolved requirement: Require-Bundle: org.eclipse.m2e.maven.runtime.slf4j.simple; bundle-version="[1.7.0,1.8.0)"
                  -> Bundle-SymbolicName: org.eclipse.m2e.maven.runtime.slf4j.simple; bundle-version="1.7.0.20160603-1931"; singleton:="false"
                     org.eclipse.m2e.maven.runtime.slf4j.simple [910]
                       Unresolved requirement: Require-Capability: osgi.ee; filter:="(&(osgi.ee=JavaSE)(version=1.8))"

	at org.eclipse.osgi.container.Module.start(Module.java:434)
	at org.eclipse.osgi.container.ModuleContainer$ContainerStartLevel.incStartLevel(ModuleContainer.java:1582)
	at org.eclipse.osgi.container.ModuleContainer$ContainerStartLevel.incStartLevel(ModuleContainer.java:1561)
	at org.eclipse.osgi.container.ModuleContainer$ContainerStartLevel.doContainerStartLevel(ModuleContainer.java:1533)
	at org.eclipse.osgi.container.ModuleContainer$ContainerStartLevel.dispatchEvent(ModuleContainer.java:1476)
	at org.eclipse.osgi.container.ModuleContainer$ContainerStartLevel.dispatchEvent(ModuleContainer.java:1)
	at org.eclipse.osgi.framework.eventmgr.EventManager.dispatchEvent(EventManager.java:230)
	at org.eclipse.osgi.framework.eventmgr.EventManager$EventThread.run(EventManager.java:340)

!ENTRY org.eclipse.equinox.ds 2 0 2018-02-07 09:32:48.374
!MESSAGE [SCR - WorkThread] Timeout occurred! Thread was blocked on processing [QueuedJob] WorkPerformer: org.eclipse.equinox.internal.ds.SCRManager@169ae7c; actionType 1

!ENTRY org.eclipse.equinox.ds 2 0 2018-02-07 09:32:48.535
!MESSAGE [SCR] Enabling components of bundle org.eclipse.ui.trace did not complete in 30000 ms 

!ENTRY org.eclipse.m2e.core 4 0 2018-02-07 09:32:48.572
!MESSAGE FrameworkEvent ERROR
!STACK 0
org.osgi.framework.BundleException: Could not resolve module: org.eclipse.m2e.core [896]
  Unresolved requirement: Require-Bundle: org.eclipse.m2e.maven.runtime; bundle-version="[1.7.0,1.8.0)"
    -> Bundle-SymbolicName: org.eclipse.m2e.maven.runtime; bundle-version="1.7.0.20160603-1931"; singleton:="false"
       org.eclipse.m2e.maven.runtime [909]
         Unresolved requirement: Require-Bundle: org.eclipse.m2e.maven.runtime.slf4j.simple; bundle-version="[1.7.0,1.8.0)"
           -> Bundle-SymbolicName: org.eclipse.m2e.maven.runtime.slf4j.simple; bundle-version="1.7.0.20160603-1931"; singleton:="false"
              org.eclipse.m2e.maven.runtime.slf4j.simple [910]
                Unresolved requirement: Require-Capability: osgi.ee; filter:="(&(osgi.ee=JavaSE)(version=1.8))"

	at org.eclipse.osgi.container.Module.start(Module.java:434)
	at org.eclipse.osgi.container.ModuleContainer$ContainerStartLevel.incStartLevel(ModuleContainer.java:1582)
	at org.eclipse.osgi.container.ModuleContainer$ContainerStartLevel.incStartLevel(ModuleContainer.java:1561)
	at org.eclipse.osgi.container.ModuleContainer$ContainerStartLevel.doContainerStartLevel(ModuleContainer.java:1533)
	at org.eclipse.osgi.container.ModuleContainer$ContainerStartLevel.dispatchEvent(ModuleContainer.java:1476)
	at org.eclipse.osgi.container.ModuleContainer$ContainerStartLevel.dispatchEvent(ModuleContainer.java:1)
	at org.eclipse.osgi.framework.eventmgr.EventManager.dispatchEvent(EventManager.java:230)
	at org.eclipse.osgi.framework.eventmgr.EventManager$EventThread.run(EventManager.java:340)

!ENTRY org.eclipse.m2e.core.ui 4 0 2018-02-07 09:32:48.578
!MESSAGE FrameworkEvent ERROR
!STACK 0
org.osgi.framework.BundleException: Could not resolve module: org.eclipse.m2e.core.ui [897]
  Unresolved requirement: Require-Bundle: org.eclipse.m2e.core; bundle-version="[1.7.0,1.8.0)"
    -> Bundle-SymbolicName: org.eclipse.m2e.core; bundle-version="1.7.0.20160603-1933"; singleton:="true"
       org.eclipse.m2e.core [896]
         Unresolved requirement: Require-Bundle: org.eclipse.m2e.maven.runtime; bundle-version="[1.7.0,1.8.0)"
           -> Bundle-SymbolicName: org.eclipse.m2e.maven.runtime; bundle-version="1.7.0.20160603-1931"; singleton:="false"
              org.eclipse.m2e.maven.runtime [909]
                Unresolved requirement: Require-Bundle: org.eclipse.m2e.maven.runtime.slf4j.simple; bundle-version="[1.7.0,1.8.0)"
                  -> Bundle-SymbolicName: org.eclipse.m2e.maven.runtime.slf4j.simple; bundle-version="1.7.0.20160603-1931"; singleton:="false"
                     org.eclipse.m2e.maven.runtime.slf4j.simple [910]
                       Unresolved requirement: Require-Capability: osgi.ee; filter:="(&(osgi.ee=JavaSE)(version=1.8))"

	at org.eclipse.osgi.container.Module.start(Module.java:434)
	at org.eclipse.osgi.container.ModuleContainer$ContainerStartLevel.incStartLevel(ModuleContainer.java:1582)
	at org.eclipse.osgi.container.ModuleContainer$ContainerStartLevel.incStartLevel(ModuleContainer.java:1561)
	at org.eclipse.osgi.container.ModuleContainer$ContainerStartLevel.doContainerStartLevel(ModuleContainer.java:1533)
	at org.eclipse.osgi.container.ModuleContainer$ContainerStartLevel.dispatchEvent(ModuleContainer.java:1476)
	at org.eclipse.osgi.container.ModuleContainer$ContainerStartLevel.dispatchEvent(ModuleContainer.java:1)
	at org.eclipse.osgi.framework.eventmgr.EventManager.dispatchEvent(EventManager.java:230)
	at org.eclipse.osgi.framework.eventmgr.EventManager$EventThread.run(EventManager.java:340)

!ENTRY org.eclipse.m2e.discovery 4 0 2018-02-07 09:32:48.588
!MESSAGE FrameworkEvent ERROR
!STACK 0
org.osgi.framework.BundleException: Could not resolve module: org.eclipse.m2e.discovery [898]
  Unresolved requirement: Import-Package: org.apache.maven.plugin; provider="m2e"
    -> Export-Package: org.apache.maven.plugin; bundle-version="1.7.0.20160603-1931"; provider="m2e"; bundle-symbolic-name="org.eclipse.m2e.maven.runtime"; version="0.0.0"; mandatory:="provider"
       org.eclipse.m2e.maven.runtime [909]
         Unresolved requirement: Require-Bundle: org.eclipse.m2e.maven.runtime.slf4j.simple; bundle-version="[1.7.0,1.8.0)"
           -> Bundle-SymbolicName: org.eclipse.m2e.maven.runtime.slf4j.simple; bundle-version="1.7.0.20160603-1931"; singleton:="false"
              org.eclipse.m2e.maven.runtime.slf4j.simple [910]
                Unresolved requirement: Require-Capability: osgi.ee; filter:="(&(osgi.ee=JavaSE)(version=1.8))"

	at org.eclipse.osgi.container.Module.start(Module.java:434)
	at org.eclipse.osgi.container.ModuleContainer$ContainerStartLevel.incStartLevel(ModuleContainer.java:1582)
	at org.eclipse.osgi.container.ModuleContainer$ContainerStartLevel.incStartLevel(ModuleContainer.java:1561)
	at org.eclipse.osgi.container.ModuleContainer$ContainerStartLevel.doContainerStartLevel(ModuleContainer.java:1533)
	at org.eclipse.osgi.container.ModuleContainer$ContainerStartLevel.dispatchEvent(ModuleContainer.java:1476)
	at org.eclipse.osgi.container.ModuleContainer$ContainerStartLevel.dispatchEvent(ModuleContainer.java:1)
	at org.eclipse.osgi.framework.eventmgr.EventManager.dispatchEvent(EventManager.java:230)
	at org.eclipse.osgi.framework.eventmgr.EventManager$EventThread.run(EventManager.java:340)

!ENTRY org.eclipse.m2e.editor 4 0 2018-02-07 09:32:48.595
!MESSAGE FrameworkEvent ERROR
!STACK 0
org.osgi.framework.BundleException: Could not resolve module: org.eclipse.m2e.editor [899]
  Unresolved requirement: Require-Bundle: org.eclipse.m2e.core; bundle-version="[1.7.0,1.8.0)"
    -> Bundle-SymbolicName: org.eclipse.m2e.core; bundle-version="1.7.0.20160603-1933"; singleton:="true"
       org.eclipse.m2e.core [896]
         Unresolved requirement: Require-Bundle: org.eclipse.m2e.maven.runtime; bundle-version="[1.7.0,1.8.0)"
           -> Bundle-SymbolicName: org.eclipse.m2e.maven.runtime; bundle-version="1.7.0.20160603-1931"; singleton:="false"
              org.eclipse.m2e.maven.runtime [909]
                Unresolved requirement: Require-Bundle: org.eclipse.m2e.maven.runtime.slf4j.simple; bundle-version="[1.7.0,1.8.0)"
                  -> Bundle-SymbolicName: org.eclipse.m2e.maven.runtime.slf4j.simple; bundle-version="1.7.0.20160603-1931"; singleton:="false"
                     org.eclipse.m2e.maven.runtime.slf4j.simple [910]
                       Unresolved requirement: Require-Capability: osgi.ee; filter:="(&(osgi.ee=JavaSE)(version=1.8))"

	at org.eclipse.osgi.container.Module.start(Module.java:434)
	at org.eclipse.osgi.container.ModuleContainer$ContainerStartLevel.incStartLevel(ModuleContainer.java:1582)
	at org.eclipse.osgi.container.ModuleContainer$ContainerStartLevel.incStartLevel(ModuleContainer.java:1561)
	at org.eclipse.osgi.container.ModuleContainer$ContainerStartLevel.doContainerStartLevel(ModuleContainer.java:1533)
	at org.eclipse.osgi.container.ModuleContainer$ContainerStartLevel.dispatchEvent(ModuleContainer.java:1476)
	at org.eclipse.osgi.container.ModuleContainer$ContainerStartLevel.dispatchEvent(ModuleContainer.java:1)
	at org.eclipse.osgi.framework.eventmgr.EventManager.dispatchEvent(EventManager.java:230)
	at org.eclipse.osgi.framework.eventmgr.EventManager$EventThread.run(EventManager.java:340)

!ENTRY org.eclipse.m2e.editor.xml 4 0 2018-02-07 09:32:48.604
!MESSAGE FrameworkEvent ERROR
!STACK 0
org.osgi.framework.BundleException: Could not resolve module: org.eclipse.m2e.editor.xml [900]
  Unresolved requirement: Require-Bundle: org.eclipse.m2e.core; bundle-version="[1.7.0,1.8.0)"
    -> Bundle-SymbolicName: org.eclipse.m2e.core; bundle-version="1.7.0.20160603-1933"; singleton:="true"
       org.eclipse.m2e.core [896]
         Unresolved requirement: Require-Bundle: org.eclipse.m2e.maven.runtime; bundle-version="[1.7.0,1.8.0)"
           -> Bundle-SymbolicName: org.eclipse.m2e.maven.runtime; bundle-version="1.7.0.20160603-1931"; singleton:="false"
              org.eclipse.m2e.maven.runtime [909]
                Unresolved requirement: Require-Bundle: org.eclipse.m2e.maven.runtime.slf4j.simple; bundle-version="[1.7.0,1.8.0)"
                  -> Bundle-SymbolicName: org.eclipse.m2e.maven.runtime.slf4j.simple; bundle-version="1.7.0.20160603-1931"; singleton:="false"
                     org.eclipse.m2e.maven.runtime.slf4j.simple [910]
                       Unresolved requirement: Require-Capability: osgi.ee; filter:="(&(osgi.ee=JavaSE)(version=1.8))"

	at org.eclipse.osgi.container.Module.start(Module.java:434)
	at org.eclipse.osgi.container.ModuleContainer$ContainerStartLevel.incStartLevel(ModuleContainer.java:1582)
	at org.eclipse.osgi.container.ModuleContainer$ContainerStartLevel.incStartLevel(ModuleContainer.java:1561)
	at org.eclipse.osgi.container.ModuleContainer$ContainerStartLevel.doContainerStartLevel(ModuleContainer.java:1533)
	at org.eclipse.osgi.container.ModuleContainer$ContainerStartLevel.dispatchEvent(ModuleContainer.java:1476)
	at org.eclipse.osgi.container.ModuleContainer$ContainerStartLevel.dispatchEvent(ModuleContainer.java:1)
	at org.eclipse.osgi.framework.eventmgr.EventManager.dispatchEvent(EventManager.java:230)
	at org.eclipse.osgi.framework.eventmgr.EventManager$EventThread.run(EventManager.java:340)

!ENTRY org.eclipse.m2e.importer 4 0 2018-02-07 09:32:48.618
!MESSAGE FrameworkEvent ERROR
!STACK 0
org.osgi.framework.BundleException: Could not resolve module: org.eclipse.m2e.importer [901]
  Unresolved requirement: Require-Bundle: org.eclipse.m2e.core; bundle-version="1.6.0"
    -> Bundle-SymbolicName: org.eclipse.m2e.core; bundle-version="1.7.0.20160603-1933"; singleton:="true"
       org.eclipse.m2e.core [896]
         Unresolved requirement: Require-Bundle: org.eclipse.m2e.maven.runtime; bundle-version="[1.7.0,1.8.0)"
           -> Bundle-SymbolicName: org.eclipse.m2e.maven.runtime; bundle-version="1.7.0.20160603-1931"; singleton:="false"
              org.eclipse.m2e.maven.runtime [909]
                Unresolved requirement: Require-Bundle: org.eclipse.m2e.maven.runtime.slf4j.simple; bundle-version="[1.7.0,1.8.0)"
                  -> Bundle-SymbolicName: org.eclipse.m2e.maven.runtime.slf4j.simple; bundle-version="1.7.0.20160603-1931"; singleton:="false"
                     org.eclipse.m2e.maven.runtime.slf4j.simple [910]
                       Unresolved requirement: Require-Capability: osgi.ee; filter:="(&(osgi.ee=JavaSE)(version=1.8))"

	at org.eclipse.osgi.container.Module.start(Module.java:434)
	at org.eclipse.osgi.container.ModuleContainer$ContainerStartLevel.incStartLevel(ModuleContainer.java:1582)
	at org.eclipse.osgi.container.ModuleContainer$ContainerStartLevel.incStartLevel(ModuleContainer.java:1561)
	at org.eclipse.osgi.container.ModuleContainer$ContainerStartLevel.doContainerStartLevel(ModuleContainer.java:1533)
	at org.eclipse.osgi.container.ModuleContainer$ContainerStartLevel.dispatchEvent(ModuleContainer.java:1476)
	at org.eclipse.osgi.container.ModuleContainer$ContainerStartLevel.dispatchEvent(ModuleContainer.java:1)
	at org.eclipse.osgi.framework.eventmgr.EventManager.dispatchEvent(EventManager.java:230)
	at org.eclipse.osgi.framework.eventmgr.EventManager$EventThread.run(EventManager.java:340)

!ENTRY org.eclipse.m2e.jdt 4 0 2018-02-07 09:32:48.622
!MESSAGE FrameworkEvent ERROR
!STACK 0
org.osgi.framework.BundleException: Could not resolve module: org.eclipse.m2e.jdt [902]
  Unresolved requirement: Require-Bundle: org.eclipse.m2e.maven.runtime; bundle-version="[1.7.0,1.8.0)"
    -> Bundle-SymbolicName: org.eclipse.m2e.maven.runtime; bundle-version="1.7.0.20160603-1931"; singleton:="false"
       org.eclipse.m2e.maven.runtime [909]
         Unresolved requirement: Require-Bundle: org.eclipse.m2e.maven.runtime.slf4j.simple; bundle-version="[1.7.0,1.8.0)"
           -> Bundle-SymbolicName: org.eclipse.m2e.maven.runtime.slf4j.simple; bundle-version="1.7.0.20160603-1931"; singleton:="false"
              org.eclipse.m2e.maven.runtime.slf4j.simple [910]
                Unresolved requirement: Require-Capability: osgi.ee; filter:="(&(osgi.ee=JavaSE)(version=1.8))"

	at org.eclipse.osgi.container.Module.start(Module.java:434)
	at org.eclipse.osgi.container.ModuleContainer$ContainerStartLevel.incStartLevel(ModuleContainer.java:1582)
	at org.eclipse.osgi.container.ModuleContainer$ContainerStartLevel.incStartLevel(ModuleContainer.java:1561)
	at org.eclipse.osgi.container.ModuleContainer$ContainerStartLevel.doContainerStartLevel(ModuleContainer.java:1533)
	at org.eclipse.osgi.container.ModuleContainer$ContainerStartLevel.dispatchEvent(ModuleContainer.java:1476)
	at org.eclipse.osgi.container.ModuleContainer$ContainerStartLevel.dispatchEvent(ModuleContainer.java:1)
	at org.eclipse.osgi.framework.eventmgr.EventManager.dispatchEvent(EventManager.java:230)
	at org.eclipse.osgi.framework.eventmgr.EventManager$EventThread.run(EventManager.java:340)

!ENTRY org.eclipse.m2e.launching 4 0 2018-02-07 09:32:48.629
!MESSAGE FrameworkEvent ERROR
!STACK 0
org.osgi.framework.BundleException: Could not resolve module: org.eclipse.m2e.launching [904]
  Unresolved requirement: Require-Bundle: org.eclipse.m2e.maven.runtime; bundle-version="[1.7.0,1.8.0)"
    -> Bundle-SymbolicName: org.eclipse.m2e.maven.runtime; bundle-version="1.7.0.20160603-1931"; singleton:="false"
       org.eclipse.m2e.maven.runtime [909]
         Unresolved requirement: Require-Bundle: org.eclipse.m2e.maven.runtime.slf4j.simple; bundle-version="[1.7.0,1.8.0)"
           -> Bundle-SymbolicName: org.eclipse.m2e.maven.runtime.slf4j.simple; bundle-version="1.7.0.20160603-1931"; singleton:="false"
              org.eclipse.m2e.maven.runtime.slf4j.simple [910]
                Unresolved requirement: Require-Capability: osgi.ee; filter:="(&(osgi.ee=JavaSE)(version=1.8))"

	at org.eclipse.osgi.container.Module.start(Module.java:434)
	at org.eclipse.osgi.container.ModuleContainer$ContainerStartLevel.incStartLevel(ModuleContainer.java:1582)
	at org.eclipse.osgi.container.ModuleContainer$ContainerStartLevel.incStartLevel(ModuleContainer.java:1561)
	at org.eclipse.osgi.container.ModuleContainer$ContainerStartLevel.doContainerStartLevel(ModuleContainer.java:1533)
	at org.eclipse.osgi.container.ModuleContainer$ContainerStartLevel.dispatchEvent(ModuleContainer.java:1476)
	at org.eclipse.osgi.container.ModuleContainer$ContainerStartLevel.dispatchEvent(ModuleContainer.java:1)
	at org.eclipse.osgi.framework.eventmgr.EventManager.dispatchEvent(EventManager.java:230)
	at org.eclipse.osgi.framework.eventmgr.EventManager$EventThread.run(EventManager.java:340)

!ENTRY org.eclipse.m2e.model.edit 4 0 2018-02-07 09:32:48.635
!MESSAGE FrameworkEvent ERROR
!STACK 0
org.osgi.framework.BundleException: Could not resolve module: org.eclipse.m2e.model.edit [911]
  Unresolved requirement: Require-Capability: osgi.ee; filter:="(&(osgi.ee=JavaSE)(version=1.8))"

	at org.eclipse.osgi.container.Module.start(Module.java:434)
	at org.eclipse.osgi.container.ModuleContainer$ContainerStartLevel.incStartLevel(ModuleContainer.java:1582)
	at org.eclipse.osgi.container.ModuleContainer$ContainerStartLevel.incStartLevel(ModuleContainer.java:1561)
	at org.eclipse.osgi.container.ModuleContainer$ContainerStartLevel.doContainerStartLevel(ModuleContainer.java:1533)
	at org.eclipse.osgi.container.ModuleContainer$ContainerStartLevel.dispatchEvent(ModuleContainer.java:1476)
	at org.eclipse.osgi.container.ModuleContainer$ContainerStartLevel.dispatchEvent(ModuleContainer.java:1)
	at org.eclipse.osgi.framework.eventmgr.EventManager.dispatchEvent(EventManager.java:230)
	at org.eclipse.osgi.framework.eventmgr.EventManager$EventThread.run(EventManager.java:340)

!ENTRY org.eclipse.m2e.profiles.core 4 0 2018-02-07 09:32:48.646
!MESSAGE FrameworkEvent ERROR
!STACK 0
org.osgi.framework.BundleException: Could not resolve module: org.eclipse.m2e.profiles.core [912]
  Unresolved requirement: Require-Bundle: org.eclipse.m2e.core; bundle-version="[1.7.0,1.8.0)"
    -> Bundle-SymbolicName: org.eclipse.m2e.core; bundle-version="1.7.0.20160603-1933"; singleton:="true"
       org.eclipse.m2e.core [896]
         Unresolved requirement: Require-Bundle: org.eclipse.m2e.maven.runtime; bundle-version="[1.7.0,1.8.0)"
           -> Bundle-SymbolicName: org.eclipse.m2e.maven.runtime; bundle-version="1.7.0.20160603-1931"; singleton:="false"
              org.eclipse.m2e.maven.runtime [909]
                Unresolved requirement: Require-Bundle: org.eclipse.m2e.maven.runtime.slf4j.simple; bundle-version="[1.7.0,1.8.0)"
                  -> Bundle-SymbolicName: org.eclipse.m2e.maven.runtime.slf4j.simple; bundle-version="1.7.0.20160603-1931"; singleton:="false"
                     org.eclipse.m2e.maven.runtime.slf4j.simple [910]
                       Unresolved requirement: Require-Capability: osgi.ee; filter:="(&(osgi.ee=JavaSE)(version=1.8))"

	at org.eclipse.osgi.container.Module.start(Module.java:434)
	at org.eclipse.osgi.container.ModuleContainer$ContainerStartLevel.incStartLevel(ModuleContainer.java:1582)
	at org.eclipse.osgi.container.ModuleContainer$ContainerStartLevel.incStartLevel(ModuleContainer.java:1561)
	at org.eclipse.osgi.container.ModuleContainer$ContainerStartLevel.doContainerStartLevel(ModuleContainer.java:1533)
	at org.eclipse.osgi.container.ModuleContainer$ContainerStartLevel.dispatchEvent(ModuleContainer.java:1476)
	at org.eclipse.osgi.container.ModuleContainer$ContainerStartLevel.dispatchEvent(ModuleContainer.java:1)
	at org.eclipse.osgi.framework.eventmgr.EventManager.dispatchEvent(EventManager.java:230)
	at org.eclipse.osgi.framework.eventmgr.EventManager$EventThread.run(EventManager.java:340)

!ENTRY org.eclipse.m2e.profiles.ui 4 0 2018-02-07 09:32:48.655
!MESSAGE FrameworkEvent ERROR
!STACK 0
org.osgi.framework.BundleException: Could not resolve module: org.eclipse.m2e.profiles.ui [913]
  Unresolved requirement: Require-Bundle: org.eclipse.m2e.core; bundle-version="[1.7.0,1.8.0)"
    -> Bundle-SymbolicName: org.eclipse.m2e.core; bundle-version="1.7.0.20160603-1933"; singleton:="true"
       org.eclipse.m2e.core [896]
         Unresolved requirement: Require-Bundle: org.eclipse.m2e.maven.runtime; bundle-version="[1.7.0,1.8.0)"
           -> Bundle-SymbolicName: org.eclipse.m2e.maven.runtime; bundle-version="1.7.0.20160603-1931"; singleton:="false"
              org.eclipse.m2e.maven.runtime [909]
                Unresolved requirement: Require-Bundle: org.eclipse.m2e.maven.runtime.slf4j.simple; bundle-version="[1.7.0,1.8.0)"
                  -> Bundle-SymbolicName: org.eclipse.m2e.maven.runtime.slf4j.simple; bundle-version="1.7.0.20160603-1931"; singleton:="false"
                     org.eclipse.m2e.maven.runtime.slf4j.simple [910]
                       Unresolved requirement: Require-Capability: osgi.ee; filter:="(&(osgi.ee=JavaSE)(version=1.8))"

	at org.eclipse.osgi.container.Module.start(Module.java:434)
	at org.eclipse.osgi.container.ModuleContainer$ContainerStartLevel.incStartLevel(ModuleContainer.java:1582)
	at org.eclipse.osgi.container.ModuleContainer$ContainerStartLevel.incStartLevel(ModuleContainer.java:1561)
	at org.eclipse.osgi.container.ModuleContainer$ContainerStartLevel.doContainerStartLevel(ModuleContainer.java:1533)
	at org.eclipse.osgi.container.ModuleContainer$ContainerStartLevel.dispatchEvent(ModuleContainer.java:1476)
	at org.eclipse.osgi.container.ModuleContainer$ContainerStartLevel.dispatchEvent(ModuleContainer.java:1)
	at org.eclipse.osgi.framework.eventmgr.EventManager.dispatchEvent(EventManager.java:230)
	at org.eclipse.osgi.framework.eventmgr.EventManager$EventThread.run(EventManager.java:340)

!ENTRY org.eclipse.m2e.refactoring 4 0 2018-02-07 09:32:48.666
!MESSAGE FrameworkEvent ERROR
!STACK 0
org.osgi.framework.BundleException: Could not resolve module: org.eclipse.m2e.refactoring [914]
  Unresolved requirement: Require-Bundle: org.eclipse.m2e.core; bundle-version="[1.7.0,1.8.0)"
    -> Bundle-SymbolicName: org.eclipse.m2e.core; bundle-version="1.7.0.20160603-1933"; singleton:="true"
       org.eclipse.m2e.core [896]
         Unresolved requirement: Require-Bundle: org.eclipse.m2e.maven.runtime; bundle-version="[1.7.0,1.8.0)"
           -> Bundle-SymbolicName: org.eclipse.m2e.maven.runtime; bundle-version="1.7.0.20160603-1931"; singleton:="false"
              org.eclipse.m2e.maven.runtime [909]
                Unresolved requirement: Require-Bundle: org.eclipse.m2e.maven.runtime.slf4j.simple; bundle-version="[1.7.0,1.8.0)"
                  -> Bundle-SymbolicName: org.eclipse.m2e.maven.runtime.slf4j.simple; bundle-version="1.7.0.20160603-1931"; singleton:="false"
                     org.eclipse.m2e.maven.runtime.slf4j.simple [910]
                       Unresolved requirement: Require-Capability: osgi.ee; filter:="(&(osgi.ee=JavaSE)(version=1.8))"

	at org.eclipse.osgi.container.Module.start(Module.java:434)
	at org.eclipse.osgi.container.ModuleContainer$ContainerStartLevel.incStartLevel(ModuleContainer.java:1582)
	at org.eclipse.osgi.container.ModuleContainer$ContainerStartLevel.incStartLevel(ModuleContainer.java:1561)
	at org.eclipse.osgi.container.ModuleContainer$ContainerStartLevel.doContainerStartLevel(ModuleContainer.java:1533)
	at org.eclipse.osgi.container.ModuleContainer$ContainerStartLevel.dispatchEvent(ModuleContainer.java:1476)
	at org.eclipse.osgi.container.ModuleContainer$ContainerStartLevel.dispatchEvent(ModuleContainer.java:1)
	at org.eclipse.osgi.framework.eventmgr.EventManager.dispatchEvent(EventManager.java:230)
	at org.eclipse.osgi.framework.eventmgr.EventManager$EventThread.run(EventManager.java:340)

!ENTRY org.eclipse.core.runtime 4 0 2018-02-07 09:32:53.720
!MESSAGE FrameworkEvent ERROR
!STACK 0
org.osgi.framework.BundleException: Unable to acquire the state change lock for the module: osgi.identity; osgi.identity="org.eclipse.core.runtime"; type="osgi.bundle"; version:Version="3.10.0.v20140318-2214"; singleton:="true" [id=86] STARTED [STARTED]
	at org.eclipse.osgi.container.Module.lockStateChange(Module.java:329)
	at org.eclipse.osgi.container.Module.start(Module.java:389)
	at org.eclipse.osgi.container.ModuleContainer$ContainerStartLevel.incStartLevel(ModuleContainer.java:1582)
	at org.eclipse.osgi.container.ModuleContainer$ContainerStartLevel.incStartLevel(ModuleContainer.java:1562)
	at org.eclipse.osgi.container.ModuleContainer$ContainerStartLevel.doContainerStartLevel(ModuleContainer.java:1533)
	at org.eclipse.osgi.container.ModuleContainer$ContainerStartLevel.dispatchEvent(ModuleContainer.java:1476)
	at org.eclipse.osgi.container.ModuleContainer$ContainerStartLevel.dispatchEvent(ModuleContainer.java:1)
	at org.eclipse.osgi.framework.eventmgr.EventManager.dispatchEvent(EventManager.java:230)
	at org.eclipse.osgi.framework.eventmgr.EventManager$EventThread.run(EventManager.java:340)

!ENTRY org.eclipse.m2e.logback.configuration 4 0 2018-02-07 09:32:54.526
!MESSAGE FrameworkEvent ERROR
!STACK 0
org.osgi.framework.BundleException: Could not resolve module: org.eclipse.m2e.logback.configuration [907]
  Unresolved requirement: Require-Capability: osgi.ee; filter:="(&(osgi.ee=JavaSE)(version=1.8))"

	at org.eclipse.osgi.container.Module.start(Module.java:434)
	at org.eclipse.osgi.container.ModuleContainer$ContainerStartLevel.incStartLevel(ModuleContainer.java:1582)
	at org.eclipse.osgi.container.ModuleContainer$ContainerStartLevel.incStartLevel(ModuleContainer.java:1562)
	at org.eclipse.osgi.container.ModuleContainer$ContainerStartLevel.doContainerStartLevel(ModuleContainer.java:1533)
	at org.eclipse.osgi.container.ModuleContainer$ContainerStartLevel.dispatchEvent(ModuleContainer.java:1476)
	at org.eclipse.osgi.container.ModuleContainer$ContainerStartLevel.dispatchEvent(ModuleContainer.java:1)
	at org.eclipse.osgi.framework.eventmgr.EventManager.dispatchEvent(EventManager.java:230)
	at org.eclipse.osgi.framework.eventmgr.EventManager$EventThread.run(EventManager.java:340)

!ENTRY org.sonatype.m2e.mavenarchiver 2 0 2018-02-07 09:32:56.731
!MESSAGE Could not resolve module: org.sonatype.m2e.mavenarchiver [837]
  Unresolved requirement: Require-Bundle: org.eclipse.m2e.jdt; bundle-version="[1.0.0,2.0.0)"
    -> Bundle-SymbolicName: org.eclipse.m2e.jdt; bundle-version="1.7.0.20160603-1933"; singleton:="true"
       org.eclipse.m2e.jdt [902]
         Unresolved requirement: Require-Bundle: org.eclipse.m2e.maven.runtime; bundle-version="[1.7.0,1.8.0)"
           -> Bundle-SymbolicName: org.eclipse.m2e.maven.runtime; bundle-version="1.7.0.20160603-1931"; singleton:="false"
              org.eclipse.m2e.maven.runtime [909]
                Unresolved requirement: Require-Bundle: org.eclipse.m2e.maven.runtime.slf4j.simple; bundle-version="[1.7.0,1.8.0)"
                  -> Bundle-SymbolicName: org.eclipse.m2e.maven.runtime.slf4j.simple; bundle-version="1.7.0.20160603-1931"; singleton:="false"
                     org.eclipse.m2e.maven.runtime.slf4j.simple [910]
                       Unresolved requirement: Require-Capability: osgi.ee; filter:="(&(osgi.ee=JavaSE)(version=1.8))"


!ENTRY org.eclipse.m2e.core 2 0 2018-02-07 09:32:56.734
!MESSAGE Could not resolve module: org.eclipse.m2e.core [896]
  Unresolved requirement: Require-Bundle: org.eclipse.m2e.maven.runtime; bundle-version="[1.7.0,1.8.0)"
    -> Bundle-SymbolicName: org.eclipse.m2e.maven.runtime; bundle-version="1.7.0.20160603-1931"; singleton:="false"
       org.eclipse.m2e.maven.runtime [909]
         Unresolved requirement: Require-Bundle: org.eclipse.m2e.maven.runtime.slf4j.simple; bundle-version="[1.7.0,1.8.0)"
           -> Bundle-SymbolicName: org.eclipse.m2e.maven.runtime.slf4j.simple; bundle-version="1.7.0.20160603-1931"; singleton:="false"
              org.eclipse.m2e.maven.runtime.slf4j.simple [910]
                Unresolved requirement: Require-Capability: osgi.ee; filter:="(&(osgi.ee=JavaSE)(version=1.8))"


!ENTRY org.eclipse.m2e.wtp.jaxrs 2 0 2018-02-07 09:32:56.738
!MESSAGE Could not resolve module: org.eclipse.m2e.wtp.jaxrs [544]
  Unresolved requirement: Require-Bundle: org.eclipse.m2e.maven.runtime
    -> Bundle-SymbolicName: org.eclipse.m2e.maven.runtime; bundle-version="1.7.0.20160603-1931"; singleton:="false"
       org.eclipse.m2e.maven.runtime [909]
         Unresolved requirement: Require-Bundle: org.eclipse.m2e.maven.runtime.slf4j.simple; bundle-version="[1.7.0,1.8.0)"
           -> Bundle-SymbolicName: org.eclipse.m2e.maven.runtime.slf4j.simple; bundle-version="1.7.0.20160603-1931"; singleton:="false"
              org.eclipse.m2e.maven.runtime.slf4j.simple [910]
                Unresolved requirement: Require-Capability: osgi.ee; filter:="(&(osgi.ee=JavaSE)(version=1.8))"


!ENTRY org.eclipse.m2e.refactoring 2 0 2018-02-07 09:32:56.741
!MESSAGE Could not resolve module: org.eclipse.m2e.refactoring [914]
  Unresolved requirement: Require-Bundle: org.eclipse.m2e.core; bundle-version="[1.7.0,1.8.0)"
    -> Bundle-SymbolicName: org.eclipse.m2e.core; bundle-version="1.7.0.20160603-1933"; singleton:="true"
       org.eclipse.m2e.core [896]
         Unresolved requirement: Require-Bundle: org.eclipse.m2e.maven.runtime; bundle-version="[1.7.0,1.8.0)"
           -> Bundle-SymbolicName: org.eclipse.m2e.maven.runtime; bundle-version="1.7.0.20160603-1931"; singleton:="false"
              org.eclipse.m2e.maven.runtime [909]
                Unresolved requirement: Require-Bundle: org.eclipse.m2e.maven.runtime.slf4j.simple; bundle-version="[1.7.0,1.8.0)"
                  -> Bundle-SymbolicName: org.eclipse.m2e.maven.runtime.slf4j.simple; bundle-version="1.7.0.20160603-1931"; singleton:="false"
                     org.eclipse.m2e.maven.runtime.slf4j.simple [910]
                       Unresolved requirement: Require-Capability: osgi.ee; filter:="(&(osgi.ee=JavaSE)(version=1.8))"


!ENTRY org.eclipse.m2e.maven.runtime.slf4j.simple 2 0 2018-02-07 09:32:56.744
!MESSAGE Could not resolve module: org.eclipse.m2e.maven.runtime.slf4j.simple [910]
  Unresolved requirement: Require-Capability: osgi.ee; filter:="(&(osgi.ee=JavaSE)(version=1.8))"


!ENTRY org.eclipse.m2e.jdt 2 0 2018-02-07 09:32:56.747
!MESSAGE Could not resolve module: org.eclipse.m2e.jdt [902]
  Unresolved requirement: Require-Bundle: org.eclipse.m2e.maven.runtime; bundle-version="[1.7.0,1.8.0)"
    -> Bundle-SymbolicName: org.eclipse.m2e.maven.runtime; bundle-version="1.7.0.20160603-1931"; singleton:="false"
       org.eclipse.m2e.maven.runtime [909]
         Unresolved requirement: Require-Bundle: org.eclipse.m2e.maven.runtime.slf4j.simple; bundle-version="[1.7.0,1.8.0)"
           -> Bundle-SymbolicName: org.eclipse.m2e.maven.runtime.slf4j.simple; bundle-version="1.7.0.20160603-1931"; singleton:="false"
              org.eclipse.m2e.maven.runtime.slf4j.simple [910]
                Unresolved requirement: Require-Capability: osgi.ee; filter:="(&(osgi.ee=JavaSE)(version=1.8))"


!ENTRY org.eclipse.m2e.maven.runtime 2 0 2018-02-07 09:32:56.750
!MESSAGE Could not resolve module: org.eclipse.m2e.maven.runtime [909]
  Unresolved requirement: Require-Bundle: org.eclipse.m2e.maven.runtime.slf4j.simple; bundle-version="[1.7.0,1.8.0)"
    -> Bundle-SymbolicName: org.eclipse.m2e.maven.runtime.slf4j.simple; bundle-version="1.7.0.20160603-1931"; singleton:="false"
       org.eclipse.m2e.maven.runtime.slf4j.simple [910]
         Unresolved requirement: Require-Capability: osgi.ee; filter:="(&(osgi.ee=JavaSE)(version=1.8))"


!ENTRY org.eclipse.m2e.logback.appender 2 0 2018-02-07 09:32:56.753
!MESSAGE Could not resolve module: org.eclipse.m2e.logback.appender [906]
  Unresolved requirement: Require-Bundle: org.eclipse.m2e.core.ui; bundle-version="[1.7.0,1.8.0)"
    -> Bundle-SymbolicName: org.eclipse.m2e.core.ui; bundle-version="1.7.0.20160603-1933"; singleton:="true"
       org.eclipse.m2e.core.ui [897]
         Unresolved requirement: Require-Bundle: org.eclipse.m2e.core; bundle-version="[1.7.0,1.8.0)"
           -> Bundle-SymbolicName: org.eclipse.m2e.core; bundle-version="1.7.0.20160603-1933"; singleton:="true"
              org.eclipse.m2e.core [896]
                Unresolved requirement: Require-Bundle: org.eclipse.m2e.maven.runtime; bundle-version="[1.7.0,1.8.0)"
                  -> Bundle-SymbolicName: org.eclipse.m2e.maven.runtime; bundle-version="1.7.0.20160603-1931"; singleton:="false"
                     org.eclipse.m2e.maven.runtime [909]
                       Unresolved requirement: Require-Bundle: org.eclipse.m2e.maven.runtime.slf4j.simple; bundle-version="[1.7.0,1.8.0)"
                         -> Bundle-SymbolicName: org.eclipse.m2e.maven.runtime.slf4j.simple; bundle-version="1.7.0.20160603-1931"; singleton:="false"
                            org.eclipse.m2e.maven.runtime.slf4j.simple [910]
                              Unresolved requirement: Require-Capability: osgi.ee; filter:="(&(osgi.ee=JavaSE)(version=1.8))"


!ENTRY org.eclipse.m2e.editor 2 0 2018-02-07 09:32:56.757
!MESSAGE Could not resolve module: org.eclipse.m2e.editor [899]
  Unresolved requirement: Require-Bundle: org.eclipse.m2e.core; bundle-version="[1.7.0,1.8.0)"
    -> Bundle-SymbolicName: org.eclipse.m2e.core; bundle-version="1.7.0.20160603-1933"; singleton:="true"
       org.eclipse.m2e.core [896]
         Unresolved requirement: Require-Bundle: org.eclipse.m2e.maven.runtime; bundle-version="[1.7.0,1.8.0)"
           -> Bundle-SymbolicName: org.eclipse.m2e.maven.runtime; bundle-version="1.7.0.20160603-1931"; singleton:="false"
              org.eclipse.m2e.maven.runtime [909]
                Unresolved requirement: Require-Bundle: org.eclipse.m2e.maven.runtime.slf4j.simple; bundle-version="[1.7.0,1.8.0)"
                  -> Bundle-SymbolicName: org.eclipse.m2e.maven.runtime.slf4j.simple; bundle-version="1.7.0.20160603-1931"; singleton:="false"
                     org.eclipse.m2e.maven.runtime.slf4j.simple [910]
                       Unresolved requirement: Require-Capability: osgi.ee; filter:="(&(osgi.ee=JavaSE)(version=1.8))"


!ENTRY org.eclipse.m2e.logback.configuration 2 0 2018-02-07 09:32:56.759
!MESSAGE Could not resolve module: org.eclipse.m2e.logback.configuration [907]
  Unresolved requirement: Require-Capability: osgi.ee; filter:="(&(osgi.ee=JavaSE)(version=1.8))"


!ENTRY org.eclipse.m2e.importer 2 0 2018-02-07 09:32:56.762
!MESSAGE Could not resolve module: org.eclipse.m2e.importer [901]
  Unresolved requirement: Require-Bundle: org.eclipse.m2e.core; bundle-version="1.6.0"
    -> Bundle-SymbolicName: org.eclipse.m2e.core; bundle-version="1.7.0.20160603-1933"; singleton:="true"
       org.eclipse.m2e.core [896]
         Unresolved requirement: Require-Bundle: org.eclipse.m2e.maven.runtime; bundle-version="[1.7.0,1.8.0)"
           -> Bundle-SymbolicName: org.eclipse.m2e.maven.runtime; bundle-version="1.7.0.20160603-1931"; singleton:="false"
              org.eclipse.m2e.maven.runtime [909]
                Unresolved requirement: Require-Bundle: org.eclipse.m2e.maven.runtime.slf4j.simple; bundle-version="[1.7.0,1.8.0)"
                  -> Bundle-SymbolicName: org.eclipse.m2e.maven.runtime.slf4j.simple; bundle-version="1.7.0.20160603-1931"; singleton:="false"
                     org.eclipse.m2e.maven.runtime.slf4j.simple [910]
                       Unresolved requirement: Require-Capability: osgi.ee; filter:="(&(osgi.ee=JavaSE)(version=1.8))"


!ENTRY org.eclipse.m2e.profiles.ui 2 0 2018-02-07 09:32:56.765
!MESSAGE Could not resolve module: org.eclipse.m2e.profiles.ui [913]
  Unresolved requirement: Require-Bundle: org.eclipse.m2e.core; bundle-version="[1.7.0,1.8.0)"
    -> Bundle-SymbolicName: org.eclipse.m2e.core; bundle-version="1.7.0.20160603-1933"; singleton:="true"
       org.eclipse.m2e.core [896]
         Unresolved requirement: Require-Bundle: org.eclipse.m2e.maven.runtime; bundle-version="[1.7.0,1.8.0)"
           -> Bundle-SymbolicName: org.eclipse.m2e.maven.runtime; bundle-version="1.7.0.20160603-1931"; singleton:="false"
              org.eclipse.m2e.maven.runtime [909]
                Unresolved requirement: Require-Bundle: org.eclipse.m2e.maven.runtime.slf4j.simple; bundle-version="[1.7.0,1.8.0)"
                  -> Bundle-SymbolicName: org.eclipse.m2e.maven.runtime.slf4j.simple; bundle-version="1.7.0.20160603-1931"; singleton:="false"
                     org.eclipse.m2e.maven.runtime.slf4j.simple [910]
                       Unresolved requirement: Require-Capability: osgi.ee; filter:="(&(osgi.ee=JavaSE)(version=1.8))"


!ENTRY org.eclipse.m2e.lifecyclemapping.defaults 2 0 2018-02-07 09:32:56.769
!MESSAGE Could not resolve module: org.eclipse.m2e.lifecyclemapping.defaults [905]
  Unresolved requirement: Require-Bundle: org.eclipse.m2e.core; bundle-version="[1.7.0,1.8.0)"
    -> Bundle-SymbolicName: org.eclipse.m2e.core; bundle-version="1.7.0.20160603-1933"; singleton:="true"
       org.eclipse.m2e.core [896]
         Unresolved requirement: Require-Bundle: org.eclipse.m2e.maven.runtime; bundle-version="[1.7.0,1.8.0)"
           -> Bundle-SymbolicName: org.eclipse.m2e.maven.runtime; bundle-version="1.7.0.20160603-1931"; singleton:="false"
              org.eclipse.m2e.maven.runtime [909]
                Unresolved requirement: Require-Bundle: org.eclipse.m2e.maven.runtime.slf4j.simple; bundle-version="[1.7.0,1.8.0)"
                  -> Bundle-SymbolicName: org.eclipse.m2e.maven.runtime.slf4j.simple; bundle-version="1.7.0.20160603-1931"; singleton:="false"
                     org.eclipse.m2e.maven.runtime.slf4j.simple [910]
                       Unresolved requirement: Require-Capability: osgi.ee; filter:="(&(osgi.ee=JavaSE)(version=1.8))"


!ENTRY org.eclipse.jdt.annotation 2 0 2018-02-07 09:32:56.771
!MESSAGE Could not resolve module: org.eclipse.jdt.annotation [347]
  Unresolved requirement: Require-Capability: osgi.ee; filter:="(&(osgi.ee=JavaSE)(version=1.8))"


!ENTRY org.eclipse.m2e.wtp 2 0 2018-02-07 09:32:56.774
!MESSAGE Could not resolve module: org.eclipse.m2e.wtp [543]
  Unresolved requirement: Require-Bundle: org.eclipse.m2e.maven.runtime; bundle-version="[1.5.0,2.0.0)"
    -> Bundle-SymbolicName: org.eclipse.m2e.maven.runtime; bundle-version="1.7.0.20160603-1931"; singleton:="false"
       org.eclipse.m2e.maven.runtime [909]
         Unresolved requirement: Require-Bundle: org.eclipse.m2e.maven.runtime.slf4j.simple; bundle-version="[1.7.0,1.8.0)"
           -> Bundle-SymbolicName: org.eclipse.m2e.maven.runtime.slf4j.simple; bundle-version="1.7.0.20160603-1931"; singleton:="false"
              org.eclipse.m2e.maven.runtime.slf4j.simple [910]
                Unresolved requirement: Require-Capability: osgi.ee; filter:="(&(osgi.ee=JavaSE)(version=1.8))"


!ENTRY org.eclipse.m2e.scm 2 0 2018-02-07 09:32:56.777
!MESSAGE Could not resolve module: org.eclipse.m2e.scm [915]
  Unresolved requirement: Require-Bundle: org.eclipse.m2e.core; bundle-version="[1.7.0,1.8.0)"
    -> Bundle-SymbolicName: org.eclipse.m2e.core; bundle-version="1.7.0.20160603-1933"; singleton:="true"
       org.eclipse.m2e.core [896]
         Unresolved requirement: Require-Bundle: org.eclipse.m2e.maven.runtime; bundle-version="[1.7.0,1.8.0)"
           -> Bundle-SymbolicName: org.eclipse.m2e.maven.runtime; bundle-version="1.7.0.20160603-1931"; singleton:="false"
              org.eclipse.m2e.maven.runtime [909]
                Unresolved requirement: Require-Bundle: org.eclipse.m2e.maven.runtime.slf4j.simple; bundle-version="[1.7.0,1.8.0)"
                  -> Bundle-SymbolicName: org.eclipse.m2e.maven.runtime.slf4j.simple; bundle-version="1.7.0.20160603-1931"; singleton:="false"
                     org.eclipse.m2e.maven.runtime.slf4j.simple [910]
                       Unresolved requirement: Require-Capability: osgi.ee; filter:="(&(osgi.ee=JavaSE)(version=1.8))"


!ENTRY org.eclipse.m2e.discovery 2 0 2018-02-07 09:32:57.111
!MESSAGE Could not resolve module: org.eclipse.m2e.discovery [898]
  Unresolved requirement: Import-Package: org.apache.maven.plugin; provider="m2e"
    -> Export-Package: org.apache.maven.plugin; bundle-version="1.7.0.20160603-1931"; provider="m2e"; bundle-symbolic-name="org.eclipse.m2e.maven.runtime"; version="0.0.0"; mandatory:="provider"
       org.eclipse.m2e.maven.runtime [909]
         Unresolved requirement: Require-Bundle: org.eclipse.m2e.maven.runtime.slf4j.simple; bundle-version="[1.7.0,1.8.0)"
           -> Bundle-SymbolicName: org.eclipse.m2e.maven.runtime.slf4j.simple; bundle-version="1.7.0.20160603-1931"; singleton:="false"
              org.eclipse.m2e.maven.runtime.slf4j.simple [910]
                Unresolved requirement: Require-Capability: osgi.ee; filter:="(&(osgi.ee=JavaSE)(version=1.8))"


!ENTRY org.eclipse.m2e.wtp.jsf 2 0 2018-02-07 09:32:57.115
!MESSAGE Could not resolve module: org.eclipse.m2e.wtp.jsf [546]
  Unresolved requirement: Require-Bundle: org.eclipse.m2e.core
    -> Bundle-SymbolicName: org.eclipse.m2e.core; bundle-version="1.7.0.20160603-1933"; singleton:="true"
       org.eclipse.m2e.core [896]
         Unresolved requirement: Require-Bundle: org.eclipse.m2e.maven.runtime; bundle-version="[1.7.0,1.8.0)"
           -> Bundle-SymbolicName: org.eclipse.m2e.maven.runtime; bundle-version="1.7.0.20160603-1931"; singleton:="false"
              org.eclipse.m2e.maven.runtime [909]
                Unresolved requirement: Require-Bundle: org.eclipse.m2e.maven.runtime.slf4j.simple; bundle-version="[1.7.0,1.8.0)"
                  -> Bundle-SymbolicName: org.eclipse.m2e.maven.runtime.slf4j.simple; bundle-version="1.7.0.20160603-1931"; singleton:="false"
                     org.eclipse.m2e.maven.runtime.slf4j.simple [910]
                       Unresolved requirement: Require-Capability: osgi.ee; filter:="(&(osgi.ee=JavaSE)(version=1.8))"


!ENTRY org.eclipse.m2e.maven.indexer 2 0 2018-02-07 09:32:57.118
!MESSAGE Could not resolve module: org.eclipse.m2e.maven.indexer [908]
  Unresolved requirement: Require-Bundle: org.eclipse.m2e.maven.runtime; bundle-version="[1.7.0,1.8.0)"
    -> Bundle-SymbolicName: org.eclipse.m2e.maven.runtime; bundle-version="1.7.0.20160603-1931"; singleton:="false"
       org.eclipse.m2e.maven.runtime [909]
         Unresolved requirement: Require-Bundle: org.eclipse.m2e.maven.runtime.slf4j.simple; bundle-version="[1.7.0,1.8.0)"
           -> Bundle-SymbolicName: org.eclipse.m2e.maven.runtime.slf4j.simple; bundle-version="1.7.0.20160603-1931"; singleton:="false"
              org.eclipse.m2e.maven.runtime.slf4j.simple [910]
                Unresolved requirement: Require-Capability: osgi.ee; filter:="(&(osgi.ee=JavaSE)(version=1.8))"


!ENTRY org.eclipse.m2e.model.edit 2 0 2018-02-07 09:32:57.121
!MESSAGE Could not resolve module: org.eclipse.m2e.model.edit [911]
  Unresolved requirement: Require-Capability: osgi.ee; filter:="(&(osgi.ee=JavaSE)(version=1.8))"


!ENTRY org.eclipse.m2e.editor.xml 2 0 2018-02-07 09:32:57.124
!MESSAGE Could not resolve module: org.eclipse.m2e.editor.xml [900]
  Unresolved requirement: Require-Bundle: org.eclipse.m2e.core; bundle-version="[1.7.0,1.8.0)"
    -> Bundle-SymbolicName: org.eclipse.m2e.core; bundle-version="1.7.0.20160603-1933"; singleton:="true"
       org.eclipse.m2e.core [896]
         Unresolved requirement: Require-Bundle: org.eclipse.m2e.maven.runtime; bundle-version="[1.7.0,1.8.0)"
           -> Bundle-SymbolicName: org.eclipse.m2e.maven.runtime; bundle-version="1.7.0.20160603-1931"; singleton:="false"
              org.eclipse.m2e.maven.runtime [909]
                Unresolved requirement: Require-Bundle: org.eclipse.m2e.maven.runtime.slf4j.simple; bundle-version="[1.7.0,1.8.0)"
                  -> Bundle-SymbolicName: org.eclipse.m2e.maven.runtime.slf4j.simple; bundle-version="1.7.0.20160603-1931"; singleton:="false"
                     org.eclipse.m2e.maven.runtime.slf4j.simple [910]
                       Unresolved requirement: Require-Capability: osgi.ee; filter:="(&(osgi.ee=JavaSE)(version=1.8))"


!ENTRY org.eclipse.m2e.profiles.core 2 0 2018-02-07 09:32:57.127
!MESSAGE Could not resolve module: org.eclipse.m2e.profiles.core [912]
  Unresolved requirement: Require-Bundle: org.eclipse.m2e.core; bundle-version="[1.7.0,1.8.0)"
    -> Bundle-SymbolicName: org.eclipse.m2e.core; bundle-version="1.7.0.20160603-1933"; singleton:="true"
       org.eclipse.m2e.core [896]
         Unresolved requirement: Require-Bundle: org.eclipse.m2e.maven.runtime; bundle-version="[1.7.0,1.8.0)"
           -> Bundle-SymbolicName: org.eclipse.m2e.maven.runtime; bundle-version="1.7.0.20160603-1931"; singleton:="false"
              org.eclipse.m2e.maven.runtime [909]
                Unresolved requirement: Require-Bundle: org.eclipse.m2e.maven.runtime.slf4j.simple; bundle-version="[1.7.0,1.8.0)"
                  -> Bundle-SymbolicName: org.eclipse.m2e.maven.runtime.slf4j.simple; bundle-version="1.7.0.20160603-1931"; singleton:="false"
                     org.eclipse.m2e.maven.runtime.slf4j.simple [910]
                       Unresolved requirement: Require-Capability: osgi.ee; filter:="(&(osgi.ee=JavaSE)(version=1.8))"


!ENTRY org.eclipse.m2e.jdt.ui 2 0 2018-02-07 09:32:57.130
!MESSAGE Could not resolve module: org.eclipse.m2e.jdt.ui [903]
  Unresolved requirement: Require-Bundle: org.eclipse.m2e.maven.runtime; bundle-version="[1.7.0,1.8.0)"
    -> Bundle-SymbolicName: org.eclipse.m2e.maven.runtime; bundle-version="1.7.0.20160603-1931"; singleton:="false"
       org.eclipse.m2e.maven.runtime [909]
         Unresolved requirement: Require-Bundle: org.eclipse.m2e.maven.runtime.slf4j.simple; bundle-version="[1.7.0,1.8.0)"
           -> Bundle-SymbolicName: org.eclipse.m2e.maven.runtime.slf4j.simple; bundle-version="1.7.0.20160603-1931"; singleton:="false"
              org.eclipse.m2e.maven.runtime.slf4j.simple [910]
                Unresolved requirement: Require-Capability: osgi.ee; filter:="(&(osgi.ee=JavaSE)(version=1.8))"


!ENTRY org.eclipse.m2e.core.ui 2 0 2018-02-07 09:32:57.133
!MESSAGE Could not resolve module: org.eclipse.m2e.core.ui [897]
  Unresolved requirement: Require-Bundle: org.eclipse.m2e.core; bundle-version="[1.7.0,1.8.0)"
    -> Bundle-SymbolicName: org.eclipse.m2e.core; bundle-version="1.7.0.20160603-1933"; singleton:="true"
       org.eclipse.m2e.core [896]
         Unresolved requirement: Require-Bundle: org.eclipse.m2e.maven.runtime; bundle-version="[1.7.0,1.8.0)"
           -> Bundle-SymbolicName: org.eclipse.m2e.maven.runtime; bundle-version="1.7.0.20160603-1931"; singleton:="false"
              org.eclipse.m2e.maven.runtime [909]
                Unresolved requirement: Require-Bundle: org.eclipse.m2e.maven.runtime.slf4j.simple; bundle-version="[1.7.0,1.8.0)"
                  -> Bundle-SymbolicName: org.eclipse.m2e.maven.runtime.slf4j.simple; bundle-version="1.7.0.20160603-1931"; singleton:="false"
                     org.eclipse.m2e.maven.runtime.slf4j.simple [910]
                       Unresolved requirement: Require-Capability: osgi.ee; filter:="(&(osgi.ee=JavaSE)(version=1.8))"


!ENTRY org.eclipse.m2e.launching 2 0 2018-02-07 09:32:57.136
!MESSAGE Could not resolve module: org.eclipse.m2e.launching [904]
  Unresolved requirement: Require-Bundle: org.eclipse.m2e.maven.runtime; bundle-version="[1.7.0,1.8.0)"
    -> Bundle-SymbolicName: org.eclipse.m2e.maven.runtime; bundle-version="1.7.0.20160603-1931"; singleton:="false"
       org.eclipse.m2e.maven.runtime [909]
         Unresolved requirement: Require-Bundle: org.eclipse.m2e.maven.runtime.slf4j.simple; bundle-version="[1.7.0,1.8.0)"
           -> Bundle-SymbolicName: org.eclipse.m2e.maven.runtime.slf4j.simple; bundle-version="1.7.0.20160603-1931"; singleton:="false"
              org.eclipse.m2e.maven.runtime.slf4j.simple [910]
                Unresolved requirement: Require-Capability: osgi.ee; filter:="(&(osgi.ee=JavaSE)(version=1.8))"


!ENTRY org.eclipse.m2e.archetype.common 2 0 2018-02-07 09:32:57.147
!MESSAGE Could not resolve module: org.eclipse.m2e.archetype.common [895]
  Unresolved requirement: Require-Bundle: org.eclipse.m2e.maven.runtime; bundle-version="[1.7.0,1.8.0)"
    -> Bundle-SymbolicName: org.eclipse.m2e.maven.runtime; bundle-version="1.7.0.20160603-1931"; singleton:="false"
       org.eclipse.m2e.maven.runtime [909]
         Unresolved requirement: Require-Bundle: org.eclipse.m2e.maven.runtime.slf4j.simple; bundle-version="[1.7.0,1.8.0)"
           -> Bundle-SymbolicName: org.eclipse.m2e.maven.runtime.slf4j.simple; bundle-version="1.7.0.20160603-1931"; singleton:="false"
              org.eclipse.m2e.maven.runtime.slf4j.simple [910]
                Unresolved requirement: Require-Capability: osgi.ee; filter:="(&(osgi.ee=JavaSE)(version=1.8))"


!ENTRY org.eclipse.m2e.wtp.jpa 2 0 2018-02-07 09:32:57.150
!MESSAGE Could not resolve module: org.eclipse.m2e.wtp.jpa [545]
  Unresolved requirement: Require-Bundle: org.eclipse.m2e.core
    -> Bundle-SymbolicName: org.eclipse.m2e.core; bundle-version="1.7.0.20160603-1933"; singleton:="true"
       org.eclipse.m2e.core [896]
         Unresolved requirement: Require-Bundle: org.eclipse.m2e.maven.runtime; bundle-version="[1.7.0,1.8.0)"
           -> Bundle-SymbolicName: org.eclipse.m2e.maven.runtime; bundle-version="1.7.0.20160603-1931"; singleton:="false"
              org.eclipse.m2e.maven.runtime [909]
                Unresolved requirement: Require-Bundle: org.eclipse.m2e.maven.runtime.slf4j.simple; bundle-version="[1.7.0,1.8.0)"
                  -> Bundle-SymbolicName: org.eclipse.m2e.maven.runtime.slf4j.simple; bundle-version="1.7.0.20160603-1931"; singleton:="false"
                     org.eclipse.m2e.maven.runtime.slf4j.simple [910]
                       Unresolved requirement: Require-Capability: osgi.ee; filter:="(&(osgi.ee=JavaSE)(version=1.8))"


!ENTRY org.eclipse.osgi 4 0 2018-02-07 09:32:57.158
!MESSAGE Application error
!STACK 1
java.lang.IllegalStateException: Unable to acquire application service. Ensure that the org.eclipse.core.runtime bundle is resolved and started (see config.ini).
	at org.eclipse.core.runtime.internal.adaptor.EclipseAppLauncher.start(EclipseAppLauncher.java:78)
	at org.eclipse.core.runtime.adaptor.EclipseStarter.run(EclipseStarter.java:382)
	at org.eclipse.core.runtime.adaptor.EclipseStarter.run(EclipseStarter.java:236)
	at sun.reflect.NativeMethodAccessorImpl.invoke0(Native Method)
	at sun.reflect.NativeMethodAccessorImpl.invoke(Unknown Source)
	at sun.reflect.DelegatingMethodAccessorImpl.invoke(Unknown Source)
	at java.lang.reflect.Method.invoke(Unknown Source)
	at org.eclipse.equinox.launcher.Main.invokeFramework(Main.java:648)
	at org.eclipse.equinox.launcher.Main.basicRun(Main.java:603)
	at org.eclipse.equinox.launcher.Main.run(Main.java:1465)
