!SESSION 2018-04-10 10:27:40.058 -----------------------------------------------
eclipse.buildId=4.4.0.I20140606-1215
java.version=1.8.0_131
java.vendor=Oracle Corporation
BootLoader constants: OS=win32, ARCH=x86, WS=win32, NL=en_US
Framework arguments:  -product org.eclipse.epp.package.jee.product
Command-line arguments:  -os win32 -ws win32 -arch x86 -product org.eclipse.epp.package.jee.product

!ENTRY org.eclipse.equinox.ds 2 0 2018-04-10 10:28:30.101
!MESSAGE [SCR - WorkThread] Timeout occurred! Thread was blocked on processing [QueuedJob] WorkPerformer: org.eclipse.equinox.internal.ds.SCRManager@6e15dbd1; actionType 1

!ENTRY org.eclipse.equinox.ds 2 0 2018-04-10 10:28:30.101
!MESSAGE [SCR] Enabling components of bundle org.eclipse.ui.trace did not complete in 30000 ms 

!ENTRY org.eclipse.core.runtime 4 0 2018-04-10 10:28:35.202
!MESSAGE FrameworkEvent ERROR
!STACK 0
org.osgi.framework.BundleException: Unable to acquire the state change lock for the module: osgi.identity; osgi.identity="org.eclipse.core.runtime"; type="osgi.bundle"; version:Version="3.10.0.v20140318-2214"; singleton:="true" [id=86] STARTED [STARTED]
	at org.eclipse.osgi.container.Module.lockStateChange(Module.java:329)
	at org.eclipse.osgi.container.Module.start(Module.java:389)
	at org.eclipse.osgi.container.ModuleContainer$ContainerStartLevel.incStartLevel(ModuleContainer.java:1582)
	at org.eclipse.osgi.container.ModuleContainer$ContainerStartLevel.incStartLevel(ModuleContainer.java:1562)
	at org.eclipse.osgi.container.ModuleContainer$ContainerStartLevel.doContainerStartLevel(ModuleContainer.java:1533)
	at org.eclipse.osgi.container.ModuleContainer$ContainerStartLevel.dispatchEvent(ModuleContainer.java:1476)
	at org.eclipse.osgi.container.ModuleContainer$ContainerStartLevel.dispatchEvent(ModuleContainer.java:1)
	at org.eclipse.osgi.framework.eventmgr.EventManager.dispatchEvent(EventManager.java:230)
	at org.eclipse.osgi.framework.eventmgr.EventManager$EventThread.run(EventManager.java:340)

!ENTRY org.eclipse.osgi 2 0 2018-04-10 10:28:40.366
!MESSAGE While loading class "org.eclipse.core.runtime.IExtensionRegistry", thread "Thread[Start Level: Equinox Container: b0c272b9-7b3c-0018-1d48-f95fcb76bf6d,5,main]" timed out waiting (5179ms) for thread "Thread[Component Resolve Thread,5,main]" to finish starting bundle "org.eclipse.equinox.registry_3.5.400.v20140428-1507 [335]". To avoid deadlock, thread "Thread[Start Level: Equinox Container: b0c272b9-7b3c-0018-1d48-f95fcb76bf6d,5,main]" is proceeding but "org.eclipse.core.runtime.IExtensionRegistry" may not be fully initialized.
!STACK 0
org.osgi.framework.BundleException: Unable to acquire the state change lock for the module: osgi.identity; osgi.identity="org.eclipse.equinox.registry"; type="osgi.bundle"; version:Version="3.5.400.v20140428-1507"; singleton:="true" [id=335] STARTED [STARTED]
	at org.eclipse.osgi.container.Module.lockStateChange(Module.java:329)
	at org.eclipse.osgi.container.Module.start(Module.java:389)
	at org.eclipse.osgi.framework.util.SecureAction.start(SecureAction.java:454)
	at org.eclipse.osgi.internal.hooks.EclipseLazyStarter.postFindLocalClass(EclipseLazyStarter.java:107)
	at org.eclipse.osgi.internal.loader.classpath.ClasspathManager.findLocalClass(ClasspathManager.java:531)
	at org.eclipse.osgi.internal.loader.ModuleClassLoader.findLocalClass(ModuleClassLoader.java:324)
	at org.eclipse.osgi.internal.loader.BundleLoader.findLocalClass(BundleLoader.java:311)
	at org.eclipse.osgi.internal.loader.sources.SingleSourcePackage.loadClass(SingleSourcePackage.java:36)
	at org.eclipse.osgi.internal.loader.sources.MultiSourcePackage.loadClass(MultiSourcePackage.java:32)
	at org.eclipse.osgi.internal.loader.BundleLoader.findClassInternal(BundleLoader.java:382)
	at org.eclipse.osgi.internal.loader.BundleLoader.findClass(BundleLoader.java:336)
	at org.eclipse.osgi.internal.loader.BundleLoader.findClass(BundleLoader.java:328)
	at org.eclipse.osgi.internal.loader.ModuleClassLoader.loadClass(ModuleClassLoader.java:160)
	at java.lang.ClassLoader.loadClass(Unknown Source)
	at java.lang.Class.forName0(Native Method)
	at java.lang.Class.forName(Unknown Source)
	at org.eclipse.equinox.internal.p2.repository.Activator.start(Activator.java:34)
	at org.eclipse.osgi.internal.framework.BundleContextImpl$3.run(BundleContextImpl.java:771)
	at org.eclipse.osgi.internal.framework.BundleContextImpl$3.run(BundleContextImpl.java:1)
	at java.security.AccessController.doPrivileged(Native Method)
	at org.eclipse.osgi.internal.framework.BundleContextImpl.startActivator(BundleContextImpl.java:764)
	at org.eclipse.osgi.internal.framework.BundleContextImpl.start(BundleContextImpl.java:721)
	at org.eclipse.osgi.internal.framework.EquinoxBundle.startWorker0(EquinoxBundle.java:936)
	at org.eclipse.osgi.internal.framework.EquinoxBundle$EquinoxModule.startWorker(EquinoxBundle.java:319)
	at org.eclipse.osgi.container.Module.doStart(Module.java:571)
	at org.eclipse.osgi.container.Module.start(Module.java:439)
	at org.eclipse.osgi.framework.util.SecureAction.start(SecureAction.java:454)
	at org.eclipse.osgi.internal.hooks.EclipseLazyStarter.postFindLocalClass(EclipseLazyStarter.java:107)
	at org.eclipse.osgi.internal.loader.classpath.ClasspathManager.findLocalClass(ClasspathManager.java:531)
	at org.eclipse.osgi.internal.loader.ModuleClassLoader.findLocalClass(ModuleClassLoader.java:324)
	at org.eclipse.osgi.internal.loader.BundleLoader.findLocalClass(BundleLoader.java:311)
	at org.eclipse.osgi.internal.loader.sources.SingleSourcePackage.loadClass(SingleSourcePackage.java:36)
	at org.eclipse.osgi.internal.loader.BundleLoader.findClassInternal(BundleLoader.java:370)
	at org.eclipse.osgi.internal.loader.BundleLoader.findClass(BundleLoader.java:336)
	at org.eclipse.osgi.internal.loader.BundleLoader.findClass(BundleLoader.java:328)
	at org.eclipse.osgi.internal.loader.ModuleClassLoader.loadClass(ModuleClassLoader.java:160)
	at java.lang.ClassLoader.loadClass(Unknown Source)
	at org.eclipse.equinox.internal.p2.reconciler.dropins.Activator.watchDropins(Activator.java:539)
	at org.eclipse.equinox.internal.p2.reconciler.dropins.Activator.start(Activator.java:172)
	at org.eclipse.osgi.internal.framework.BundleContextImpl$3.run(BundleContextImpl.java:771)
	at org.eclipse.osgi.internal.framework.BundleContextImpl$3.run(BundleContextImpl.java:1)
	at java.security.AccessController.doPrivileged(Native Method)
	at org.eclipse.osgi.internal.framework.BundleContextImpl.startActivator(BundleContextImpl.java:764)
	at org.eclipse.osgi.internal.framework.BundleContextImpl.start(BundleContextImpl.java:721)
	at org.eclipse.osgi.internal.framework.EquinoxBundle.startWorker0(EquinoxBundle.java:936)
	at org.eclipse.osgi.internal.framework.EquinoxBundle$EquinoxModule.startWorker(EquinoxBundle.java:319)
	at org.eclipse.osgi.container.Module.doStart(Module.java:571)
	at org.eclipse.osgi.container.Module.start(Module.java:439)
	at org.eclipse.osgi.container.ModuleContainer$ContainerStartLevel.incStartLevel(ModuleContainer.java:1582)
	at org.eclipse.osgi.container.ModuleContainer$ContainerStartLevel.incStartLevel(ModuleContainer.java:1562)
	at org.eclipse.osgi.container.ModuleContainer$ContainerStartLevel.doContainerStartLevel(ModuleContainer.java:1533)
	at org.eclipse.osgi.container.ModuleContainer$ContainerStartLevel.dispatchEvent(ModuleContainer.java:1476)
	at org.eclipse.osgi.container.ModuleContainer$ContainerStartLevel.dispatchEvent(ModuleContainer.java:1)
	at org.eclipse.osgi.framework.eventmgr.EventManager.dispatchEvent(EventManager.java:230)
	at org.eclipse.osgi.framework.eventmgr.EventManager$EventThread.run(EventManager.java:340)

!ENTRY org.eclipse.osgi 2 0 2018-04-10 10:28:45.467
!MESSAGE While loading class "org.eclipse.core.runtime.RegistryFactory", thread "Thread[Start Level: Equinox Container: b0c272b9-7b3c-0018-1d48-f95fcb76bf6d,5,main]" timed out waiting (5070ms) for thread "Thread[Component Resolve Thread,5,main]" to finish starting bundle "org.eclipse.equinox.registry_3.5.400.v20140428-1507 [335]". To avoid deadlock, thread "Thread[Start Level: Equinox Container: b0c272b9-7b3c-0018-1d48-f95fcb76bf6d,5,main]" is proceeding but "org.eclipse.core.runtime.RegistryFactory" may not be fully initialized.
!STACK 0
org.osgi.framework.BundleException: Unable to acquire the state change lock for the module: osgi.identity; osgi.identity="org.eclipse.equinox.registry"; type="osgi.bundle"; version:Version="3.5.400.v20140428-1507"; singleton:="true" [id=335] STARTED [STARTED]
	at org.eclipse.osgi.container.Module.lockStateChange(Module.java:329)
	at org.eclipse.osgi.container.Module.start(Module.java:389)
	at org.eclipse.osgi.framework.util.SecureAction.start(SecureAction.java:454)
	at org.eclipse.osgi.internal.hooks.EclipseLazyStarter.postFindLocalClass(EclipseLazyStarter.java:107)
	at org.eclipse.osgi.internal.loader.classpath.ClasspathManager.findLocalClass(ClasspathManager.java:531)
	at org.eclipse.osgi.internal.loader.ModuleClassLoader.findLocalClass(ModuleClassLoader.java:324)
	at org.eclipse.osgi.internal.loader.BundleLoader.findLocalClass(BundleLoader.java:311)
	at org.eclipse.osgi.internal.loader.sources.SingleSourcePackage.loadClass(SingleSourcePackage.java:36)
	at org.eclipse.osgi.internal.loader.sources.MultiSourcePackage.loadClass(MultiSourcePackage.java:32)
	at org.eclipse.osgi.internal.loader.BundleLoader.findClassInternal(BundleLoader.java:382)
	at org.eclipse.osgi.internal.loader.BundleLoader.findClass(BundleLoader.java:336)
	at org.eclipse.osgi.internal.loader.BundleLoader.findClass(BundleLoader.java:328)
	at org.eclipse.osgi.internal.loader.ModuleClassLoader.loadClass(ModuleClassLoader.java:160)
	at java.lang.ClassLoader.loadClass(Unknown Source)
	at org.eclipse.equinox.internal.p2.repository.helpers.AbstractRepositoryManager.getAllSuffixes(AbstractRepositoryManager.java:427)
	at org.eclipse.equinox.internal.p2.repository.helpers.AbstractRepositoryManager.loadRepository(AbstractRepositoryManager.java:659)
	at org.eclipse.equinox.internal.p2.metadata.repository.MetadataRepositoryManager.loadRepository(MetadataRepositoryManager.java:96)
	at org.eclipse.equinox.internal.p2.metadata.repository.MetadataRepositoryManager.loadRepository(MetadataRepositoryManager.java:92)
	at org.eclipse.equinox.internal.provisional.p2.directorywatcher.RepositoryListener.initializeMetadataRepository(RepositoryListener.java:104)
	at org.eclipse.equinox.internal.provisional.p2.directorywatcher.RepositoryListener.<init>(RepositoryListener.java:59)
	at org.eclipse.equinox.internal.p2.reconciler.dropins.DropinsRepositoryListener.<init>(DropinsRepositoryListener.java:82)
	at org.eclipse.equinox.internal.p2.reconciler.dropins.Activator.watchDropins(Activator.java:539)
	at org.eclipse.equinox.internal.p2.reconciler.dropins.Activator.start(Activator.java:172)
	at org.eclipse.osgi.internal.framework.BundleContextImpl$3.run(BundleContextImpl.java:771)
	at org.eclipse.osgi.internal.framework.BundleContextImpl$3.run(BundleContextImpl.java:1)
	at java.security.AccessController.doPrivileged(Native Method)
	at org.eclipse.osgi.internal.framework.BundleContextImpl.startActivator(BundleContextImpl.java:764)
	at org.eclipse.osgi.internal.framework.BundleContextImpl.start(BundleContextImpl.java:721)
	at org.eclipse.osgi.internal.framework.EquinoxBundle.startWorker0(EquinoxBundle.java:936)
	at org.eclipse.osgi.internal.framework.EquinoxBundle$EquinoxModule.startWorker(EquinoxBundle.java:319)
	at org.eclipse.osgi.container.Module.doStart(Module.java:571)
	at org.eclipse.osgi.container.Module.start(Module.java:439)
	at org.eclipse.osgi.container.ModuleContainer$ContainerStartLevel.incStartLevel(ModuleContainer.java:1582)
	at org.eclipse.osgi.container.ModuleContainer$ContainerStartLevel.incStartLevel(ModuleContainer.java:1562)
	at org.eclipse.osgi.container.ModuleContainer$ContainerStartLevel.doContainerStartLevel(ModuleContainer.java:1533)
	at org.eclipse.osgi.container.ModuleContainer$ContainerStartLevel.dispatchEvent(ModuleContainer.java:1476)
	at org.eclipse.osgi.container.ModuleContainer$ContainerStartLevel.dispatchEvent(ModuleContainer.java:1)
	at org.eclipse.osgi.framework.eventmgr.EventManager.dispatchEvent(EventManager.java:230)
	at org.eclipse.osgi.framework.eventmgr.EventManager$EventThread.run(EventManager.java:340)

!ENTRY org.eclipse.osgi 2 0 2018-04-10 10:28:50.490
!MESSAGE While loading class "org.eclipse.core.internal.registry.RegistryProviderFactory", thread "Thread[Start Level: Equinox Container: b0c272b9-7b3c-0018-1d48-f95fcb76bf6d,5,main]" timed out waiting (5023ms) for thread "Thread[Component Resolve Thread,5,main]" to finish starting bundle "org.eclipse.equinox.registry_3.5.400.v20140428-1507 [335]". To avoid deadlock, thread "Thread[Start Level: Equinox Container: b0c272b9-7b3c-0018-1d48-f95fcb76bf6d,5,main]" is proceeding but "org.eclipse.core.internal.registry.RegistryProviderFactory" may not be fully initialized.
!STACK 0
org.osgi.framework.BundleException: Unable to acquire the state change lock for the module: osgi.identity; osgi.identity="org.eclipse.equinox.registry"; type="osgi.bundle"; version:Version="3.5.400.v20140428-1507"; singleton:="true" [id=335] STARTED [STARTED]
	at org.eclipse.osgi.container.Module.lockStateChange(Module.java:329)
	at org.eclipse.osgi.container.Module.start(Module.java:389)
	at org.eclipse.osgi.framework.util.SecureAction.start(SecureAction.java:454)
	at org.eclipse.osgi.internal.hooks.EclipseLazyStarter.postFindLocalClass(EclipseLazyStarter.java:107)
	at org.eclipse.osgi.internal.loader.classpath.ClasspathManager.findLocalClass(ClasspathManager.java:531)
	at org.eclipse.osgi.internal.loader.ModuleClassLoader.findLocalClass(ModuleClassLoader.java:324)
	at org.eclipse.osgi.internal.loader.BundleLoader.findLocalClass(BundleLoader.java:311)
	at org.eclipse.osgi.internal.loader.BundleLoader.findClassInternal(BundleLoader.java:386)
	at org.eclipse.osgi.internal.loader.BundleLoader.findClass(BundleLoader.java:336)
	at org.eclipse.osgi.internal.loader.BundleLoader.findClass(BundleLoader.java:328)
	at org.eclipse.osgi.internal.loader.ModuleClassLoader.loadClass(ModuleClassLoader.java:160)
	at java.lang.ClassLoader.loadClass(Unknown Source)
	at org.eclipse.core.runtime.RegistryFactory.getRegistry(RegistryFactory.java:69)
	at org.eclipse.equinox.internal.p2.repository.helpers.AbstractRepositoryManager.getAllSuffixes(AbstractRepositoryManager.java:427)
	at org.eclipse.equinox.internal.p2.repository.helpers.AbstractRepositoryManager.loadRepository(AbstractRepositoryManager.java:659)
	at org.eclipse.equinox.internal.p2.metadata.repository.MetadataRepositoryManager.loadRepository(MetadataRepositoryManager.java:96)
	at org.eclipse.equinox.internal.p2.metadata.repository.MetadataRepositoryManager.loadRepository(MetadataRepositoryManager.java:92)
	at org.eclipse.equinox.internal.provisional.p2.directorywatcher.RepositoryListener.initializeMetadataRepository(RepositoryListener.java:104)
	at org.eclipse.equinox.internal.provisional.p2.directorywatcher.RepositoryListener.<init>(RepositoryListener.java:59)
	at org.eclipse.equinox.internal.p2.reconciler.dropins.DropinsRepositoryListener.<init>(DropinsRepositoryListener.java:82)
	at org.eclipse.equinox.internal.p2.reconciler.dropins.Activator.watchDropins(Activator.java:539)
	at org.eclipse.equinox.internal.p2.reconciler.dropins.Activator.start(Activator.java:172)
	at org.eclipse.osgi.internal.framework.BundleContextImpl$3.run(BundleContextImpl.java:771)
	at org.eclipse.osgi.internal.framework.BundleContextImpl$3.run(BundleContextImpl.java:1)
	at java.security.AccessController.doPrivileged(Native Method)
	at org.eclipse.osgi.internal.framework.BundleContextImpl.startActivator(BundleContextImpl.java:764)
	at org.eclipse.osgi.internal.framework.BundleContextImpl.start(BundleContextImpl.java:721)
	at org.eclipse.osgi.internal.framework.EquinoxBundle.startWorker0(EquinoxBundle.java:936)
	at org.eclipse.osgi.internal.framework.EquinoxBundle$EquinoxModule.startWorker(EquinoxBundle.java:319)
	at org.eclipse.osgi.container.Module.doStart(Module.java:571)
	at org.eclipse.osgi.container.Module.start(Module.java:439)
	at org.eclipse.osgi.container.ModuleContainer$ContainerStartLevel.incStartLevel(ModuleContainer.java:1582)
	at org.eclipse.osgi.container.ModuleContainer$ContainerStartLevel.incStartLevel(ModuleContainer.java:1562)
	at org.eclipse.osgi.container.ModuleContainer$ContainerStartLevel.doContainerStartLevel(ModuleContainer.java:1533)
	at org.eclipse.osgi.container.ModuleContainer$ContainerStartLevel.dispatchEvent(ModuleContainer.java:1476)
	at org.eclipse.osgi.container.ModuleContainer$ContainerStartLevel.dispatchEvent(ModuleContainer.java:1)
	at org.eclipse.osgi.framework.eventmgr.EventManager.dispatchEvent(EventManager.java:230)
	at org.eclipse.osgi.framework.eventmgr.EventManager$EventThread.run(EventManager.java:340)

!ENTRY org.eclipse.equinox.p2.metadata.repository 4 0 2018-04-10 10:28:50.490
!MESSAGE Extension registry not found
!STACK 0
java.lang.RuntimeException
	at org.eclipse.equinox.internal.p2.repository.helpers.AbstractRepositoryManager.getAllSuffixes(AbstractRepositoryManager.java:429)
	at org.eclipse.equinox.internal.p2.repository.helpers.AbstractRepositoryManager.loadRepository(AbstractRepositoryManager.java:659)
	at org.eclipse.equinox.internal.p2.metadata.repository.MetadataRepositoryManager.loadRepository(MetadataRepositoryManager.java:96)
	at org.eclipse.equinox.internal.p2.metadata.repository.MetadataRepositoryManager.loadRepository(MetadataRepositoryManager.java:92)
	at org.eclipse.equinox.internal.provisional.p2.directorywatcher.RepositoryListener.initializeMetadataRepository(RepositoryListener.java:104)
	at org.eclipse.equinox.internal.provisional.p2.directorywatcher.RepositoryListener.<init>(RepositoryListener.java:59)
	at org.eclipse.equinox.internal.p2.reconciler.dropins.DropinsRepositoryListener.<init>(DropinsRepositoryListener.java:82)
	at org.eclipse.equinox.internal.p2.reconciler.dropins.Activator.watchDropins(Activator.java:539)
	at org.eclipse.equinox.internal.p2.reconciler.dropins.Activator.start(Activator.java:172)
	at org.eclipse.osgi.internal.framework.BundleContextImpl$3.run(BundleContextImpl.java:771)
	at org.eclipse.osgi.internal.framework.BundleContextImpl$3.run(BundleContextImpl.java:1)
	at java.security.AccessController.doPrivileged(Native Method)
	at org.eclipse.osgi.internal.framework.BundleContextImpl.startActivator(BundleContextImpl.java:764)
	at org.eclipse.osgi.internal.framework.BundleContextImpl.start(BundleContextImpl.java:721)
	at org.eclipse.osgi.internal.framework.EquinoxBundle.startWorker0(EquinoxBundle.java:936)
	at org.eclipse.osgi.internal.framework.EquinoxBundle$EquinoxModule.startWorker(EquinoxBundle.java:319)
	at org.eclipse.osgi.container.Module.doStart(Module.java:571)
	at org.eclipse.osgi.container.Module.start(Module.java:439)
	at org.eclipse.osgi.container.ModuleContainer$ContainerStartLevel.incStartLevel(ModuleContainer.java:1582)
	at org.eclipse.osgi.container.ModuleContainer$ContainerStartLevel.incStartLevel(ModuleContainer.java:1562)
	at org.eclipse.osgi.container.ModuleContainer$ContainerStartLevel.doContainerStartLevel(ModuleContainer.java:1533)
	at org.eclipse.osgi.container.ModuleContainer$ContainerStartLevel.dispatchEvent(ModuleContainer.java:1476)
	at org.eclipse.osgi.container.ModuleContainer$ContainerStartLevel.dispatchEvent(ModuleContainer.java:1)
	at org.eclipse.osgi.framework.eventmgr.EventManager.dispatchEvent(EventManager.java:230)
	at org.eclipse.osgi.framework.eventmgr.EventManager$EventThread.run(EventManager.java:340)

!ENTRY org.eclipse.equinox.p2.reconciler.dropins 4 0 2018-04-10 10:28:50.506
!MESSAGE FrameworkEvent ERROR
!STACK 0
org.osgi.framework.BundleException: Exception in org.eclipse.equinox.internal.p2.reconciler.dropins.Activator.start() of bundle org.eclipse.equinox.p2.reconciler.dropins.
	at org.eclipse.osgi.internal.framework.BundleContextImpl.startActivator(BundleContextImpl.java:792)
	at org.eclipse.osgi.internal.framework.BundleContextImpl.start(BundleContextImpl.java:721)
	at org.eclipse.osgi.internal.framework.EquinoxBundle.startWorker0(EquinoxBundle.java:936)
	at org.eclipse.osgi.internal.framework.EquinoxBundle$EquinoxModule.startWorker(EquinoxBundle.java:319)
	at org.eclipse.osgi.container.Module.doStart(Module.java:571)
	at org.eclipse.osgi.container.Module.start(Module.java:439)
	at org.eclipse.osgi.container.ModuleContainer$ContainerStartLevel.incStartLevel(ModuleContainer.java:1582)
	at org.eclipse.osgi.container.ModuleContainer$ContainerStartLevel.incStartLevel(ModuleContainer.java:1562)
	at org.eclipse.osgi.container.ModuleContainer$ContainerStartLevel.doContainerStartLevel(ModuleContainer.java:1533)
	at org.eclipse.osgi.container.ModuleContainer$ContainerStartLevel.dispatchEvent(ModuleContainer.java:1476)
	at org.eclipse.osgi.container.ModuleContainer$ContainerStartLevel.dispatchEvent(ModuleContainer.java:1)
	at org.eclipse.osgi.framework.eventmgr.EventManager.dispatchEvent(EventManager.java:230)
	at org.eclipse.osgi.framework.eventmgr.EventManager$EventThread.run(EventManager.java:340)
Caused by: java.lang.NullPointerException
	at org.eclipse.equinox.internal.p2.repository.helpers.AbstractRepositoryManager.doCreateRepository(AbstractRepositoryManager.java:282)
	at org.eclipse.equinox.internal.p2.metadata.repository.MetadataRepositoryManager.createRepository(MetadataRepositoryManager.java:41)
	at org.eclipse.equinox.internal.provisional.p2.directorywatcher.RepositoryListener.initializeMetadataRepository(RepositoryListener.java:109)
	at org.eclipse.equinox.internal.provisional.p2.directorywatcher.RepositoryListener.<init>(RepositoryListener.java:59)
	at org.eclipse.equinox.internal.p2.reconciler.dropins.DropinsRepositoryListener.<init>(DropinsRepositoryListener.java:82)
	at org.eclipse.equinox.internal.p2.reconciler.dropins.Activator.watchDropins(Activator.java:539)
	at org.eclipse.equinox.internal.p2.reconciler.dropins.Activator.start(Activator.java:172)
	at org.eclipse.osgi.internal.framework.BundleContextImpl$3.run(BundleContextImpl.java:771)
	at org.eclipse.osgi.internal.framework.BundleContextImpl$3.run(BundleContextImpl.java:1)
	at java.security.AccessController.doPrivileged(Native Method)
	at org.eclipse.osgi.internal.framework.BundleContextImpl.startActivator(BundleContextImpl.java:764)
	... 12 more
Root exception:
java.lang.NullPointerException
	at org.eclipse.equinox.internal.p2.repository.helpers.AbstractRepositoryManager.doCreateRepository(AbstractRepositoryManager.java:282)
	at org.eclipse.equinox.internal.p2.metadata.repository.MetadataRepositoryManager.createRepository(MetadataRepositoryManager.java:41)
	at org.eclipse.equinox.internal.provisional.p2.directorywatcher.RepositoryListener.initializeMetadataRepository(RepositoryListener.java:109)
	at org.eclipse.equinox.internal.provisional.p2.directorywatcher.RepositoryListener.<init>(RepositoryListener.java:59)
	at org.eclipse.equinox.internal.p2.reconciler.dropins.DropinsRepositoryListener.<init>(DropinsRepositoryListener.java:82)
	at org.eclipse.equinox.internal.p2.reconciler.dropins.Activator.watchDropins(Activator.java:539)
	at org.eclipse.equinox.internal.p2.reconciler.dropins.Activator.start(Activator.java:172)
	at org.eclipse.osgi.internal.framework.BundleContextImpl$3.run(BundleContextImpl.java:771)
	at org.eclipse.osgi.internal.framework.BundleContextImpl$3.run(BundleContextImpl.java:1)
	at java.security.AccessController.doPrivileged(Native Method)
	at org.eclipse.osgi.internal.framework.BundleContextImpl.startActivator(BundleContextImpl.java:764)
	at org.eclipse.osgi.internal.framework.BundleContextImpl.start(BundleContextImpl.java:721)
	at org.eclipse.osgi.internal.framework.EquinoxBundle.startWorker0(EquinoxBundle.java:936)
	at org.eclipse.osgi.internal.framework.EquinoxBundle$EquinoxModule.startWorker(EquinoxBundle.java:319)
	at org.eclipse.osgi.container.Module.doStart(Module.java:571)
	at org.eclipse.osgi.container.Module.start(Module.java:439)
	at org.eclipse.osgi.container.ModuleContainer$ContainerStartLevel.incStartLevel(ModuleContainer.java:1582)
	at org.eclipse.osgi.container.ModuleContainer$ContainerStartLevel.incStartLevel(ModuleContainer.java:1562)
	at org.eclipse.osgi.container.ModuleContainer$ContainerStartLevel.doContainerStartLevel(ModuleContainer.java:1533)
	at org.eclipse.osgi.container.ModuleContainer$ContainerStartLevel.dispatchEvent(ModuleContainer.java:1476)
	at org.eclipse.osgi.container.ModuleContainer$ContainerStartLevel.dispatchEvent(ModuleContainer.java:1)
	at org.eclipse.osgi.framework.eventmgr.EventManager.dispatchEvent(EventManager.java:230)
	at org.eclipse.osgi.framework.eventmgr.EventManager$EventThread.run(EventManager.java:340)

!ENTRY org.eclipse.osgi 2 0 2018-04-10 10:28:55.569
!MESSAGE While loading class "org.eclipse.core.runtime.Plugin", thread "Thread[Start Level: Equinox Container: b0c272b9-7b3c-0018-1d48-f95fcb76bf6d,5,main]" timed out waiting (5079ms) for thread "Thread[Component Resolve Thread,5,main]" to finish starting bundle "org.eclipse.core.runtime_3.10.0.v20140318-2214 [86]". To avoid deadlock, thread "Thread[Start Level: Equinox Container: b0c272b9-7b3c-0018-1d48-f95fcb76bf6d,5,main]" is proceeding but "org.eclipse.core.runtime.Plugin" may not be fully initialized.
!STACK 0
org.osgi.framework.BundleException: Unable to acquire the state change lock for the module: osgi.identity; osgi.identity="org.eclipse.core.runtime"; type="osgi.bundle"; version:Version="3.10.0.v20140318-2214"; singleton:="true" [id=86] STARTED [STARTED]
	at org.eclipse.osgi.container.Module.lockStateChange(Module.java:329)
	at org.eclipse.osgi.container.Module.start(Module.java:389)
	at org.eclipse.osgi.framework.util.SecureAction.start(SecureAction.java:454)
	at org.eclipse.osgi.internal.hooks.EclipseLazyStarter.postFindLocalClass(EclipseLazyStarter.java:107)
	at org.eclipse.osgi.internal.loader.classpath.ClasspathManager.findLocalClass(ClasspathManager.java:531)
	at org.eclipse.osgi.internal.loader.ModuleClassLoader.findLocalClass(ModuleClassLoader.java:324)
	at org.eclipse.osgi.internal.loader.BundleLoader.findLocalClass(BundleLoader.java:311)
	at org.eclipse.osgi.internal.loader.sources.SingleSourcePackage.loadClass(SingleSourcePackage.java:36)
	at org.eclipse.osgi.internal.loader.sources.MultiSourcePackage.loadClass(MultiSourcePackage.java:32)
	at org.eclipse.osgi.internal.loader.BundleLoader.findClassInternal(BundleLoader.java:382)
	at org.eclipse.osgi.internal.loader.BundleLoader.findClass(BundleLoader.java:336)
	at org.eclipse.osgi.internal.loader.BundleLoader.findClass(BundleLoader.java:328)
	at org.eclipse.osgi.internal.loader.ModuleClassLoader.loadClass(ModuleClassLoader.java:160)
	at java.lang.ClassLoader.loadClass(Unknown Source)
	at java.lang.ClassLoader.defineClass1(Native Method)
	at java.lang.ClassLoader.defineClass(Unknown Source)
	at org.eclipse.osgi.internal.loader.ModuleClassLoader.defineClass(ModuleClassLoader.java:272)
	at org.eclipse.osgi.internal.loader.classpath.ClasspathManager.defineClass(ClasspathManager.java:632)
	at org.eclipse.osgi.internal.loader.classpath.ClasspathManager.findClassImpl(ClasspathManager.java:588)
	at org.eclipse.osgi.internal.loader.classpath.ClasspathManager.findLocalClassImpl(ClasspathManager.java:540)
	at org.eclipse.osgi.internal.loader.classpath.ClasspathManager.findLocalClass(ClasspathManager.java:527)
	at org.eclipse.osgi.internal.loader.ModuleClassLoader.findLocalClass(ModuleClassLoader.java:324)
	at org.eclipse.osgi.internal.loader.BundleLoader.findLocalClass(BundleLoader.java:311)
	at org.eclipse.osgi.internal.loader.BundleLoader.findClassInternal(BundleLoader.java:386)
	at org.eclipse.osgi.internal.loader.BundleLoader.findClass(BundleLoader.java:336)
	at org.eclipse.osgi.internal.loader.BundleLoader.findClass(BundleLoader.java:328)
	at org.eclipse.osgi.internal.framework.BundleContextImpl.loadBundleActivator(BundleContextImpl.java:754)
	at org.eclipse.osgi.internal.framework.BundleContextImpl.start(BundleContextImpl.java:706)
	at org.eclipse.osgi.internal.framework.EquinoxBundle.startWorker0(EquinoxBundle.java:936)
	at org.eclipse.osgi.internal.framework.EquinoxBundle$EquinoxModule.startWorker(EquinoxBundle.java:319)
	at org.eclipse.osgi.container.Module.doStart(Module.java:571)
	at org.eclipse.osgi.container.Module.start(Module.java:439)
	at org.eclipse.osgi.container.ModuleContainer$ContainerStartLevel.incStartLevel(ModuleContainer.java:1582)
	at org.eclipse.osgi.container.ModuleContainer$ContainerStartLevel.incStartLevel(ModuleContainer.java:1562)
	at org.eclipse.osgi.container.ModuleContainer$ContainerStartLevel.doContainerStartLevel(ModuleContainer.java:1533)
	at org.eclipse.osgi.container.ModuleContainer$ContainerStartLevel.dispatchEvent(ModuleContainer.java:1476)
	at org.eclipse.osgi.container.ModuleContainer$ContainerStartLevel.dispatchEvent(ModuleContainer.java:1)
	at org.eclipse.osgi.framework.eventmgr.EventManager.dispatchEvent(EventManager.java:230)
	at org.eclipse.osgi.framework.eventmgr.EventManager$EventThread.run(EventManager.java:340)

!ENTRY org.eclipse.osgi 2 0 2018-04-10 10:29:01.029
!MESSAGE While loading class "org.eclipse.core.internal.runtime.CompatibilityHelper", thread "Thread[Start Level: Equinox Container: b0c272b9-7b3c-0018-1d48-f95fcb76bf6d,5,main]" timed out waiting (5117ms) for thread "Thread[Component Resolve Thread,5,main]" to finish starting bundle "org.eclipse.core.runtime_3.10.0.v20140318-2214 [86]". To avoid deadlock, thread "Thread[Start Level: Equinox Container: b0c272b9-7b3c-0018-1d48-f95fcb76bf6d,5,main]" is proceeding but "org.eclipse.core.internal.runtime.CompatibilityHelper" may not be fully initialized.
!STACK 0
org.osgi.framework.BundleException: Unable to acquire the state change lock for the module: osgi.identity; osgi.identity="org.eclipse.core.runtime"; type="osgi.bundle"; version:Version="3.10.0.v20140318-2214"; singleton:="true" [id=86] STARTED [STARTED]
	at org.eclipse.osgi.container.Module.lockStateChange(Module.java:329)
	at org.eclipse.osgi.container.Module.start(Module.java:389)
	at org.eclipse.osgi.framework.util.SecureAction.start(SecureAction.java:454)
	at org.eclipse.osgi.internal.hooks.EclipseLazyStarter.postFindLocalClass(EclipseLazyStarter.java:107)
	at org.eclipse.osgi.internal.loader.classpath.ClasspathManager.findLocalClass(ClasspathManager.java:531)
	at org.eclipse.osgi.internal.loader.ModuleClassLoader.findLocalClass(ModuleClassLoader.java:324)
	at org.eclipse.osgi.internal.loader.BundleLoader.findLocalClass(BundleLoader.java:311)
	at org.eclipse.osgi.internal.loader.BundleLoader.findClassInternal(BundleLoader.java:386)
	at org.eclipse.osgi.internal.loader.BundleLoader.findClass(BundleLoader.java:336)
	at org.eclipse.osgi.internal.loader.BundleLoader.findClass(BundleLoader.java:328)
	at org.eclipse.osgi.internal.loader.ModuleClassLoader.loadClass(ModuleClassLoader.java:160)
	at java.lang.ClassLoader.loadClass(Unknown Source)
	at org.eclipse.core.runtime.Plugin.initializeDescriptor(Plugin.java:776)
	at org.eclipse.core.runtime.Plugin.start(Plugin.java:768)
	at org.eclipse.m2e.logback.configuration.LogPlugin.start(LogPlugin.java:81)
	at org.eclipse.osgi.internal.framework.BundleContextImpl$3.run(BundleContextImpl.java:771)
	at org.eclipse.osgi.internal.framework.BundleContextImpl$3.run(BundleContextImpl.java:1)
	at java.security.AccessController.doPrivileged(Native Method)
	at org.eclipse.osgi.internal.framework.BundleContextImpl.startActivator(BundleContextImpl.java:764)
	at org.eclipse.osgi.internal.framework.BundleContextImpl.start(BundleContextImpl.java:721)
	at org.eclipse.osgi.internal.framework.EquinoxBundle.startWorker0(EquinoxBundle.java:936)
	at org.eclipse.osgi.internal.framework.EquinoxBundle$EquinoxModule.startWorker(EquinoxBundle.java:319)
	at org.eclipse.osgi.container.Module.doStart(Module.java:571)
	at org.eclipse.osgi.container.Module.start(Module.java:439)
	at org.eclipse.osgi.container.ModuleContainer$ContainerStartLevel.incStartLevel(ModuleContainer.java:1582)
	at org.eclipse.osgi.container.ModuleContainer$ContainerStartLevel.incStartLevel(ModuleContainer.java:1562)
	at org.eclipse.osgi.container.ModuleContainer$ContainerStartLevel.doContainerStartLevel(ModuleContainer.java:1533)
	at org.eclipse.osgi.container.ModuleContainer$ContainerStartLevel.dispatchEvent(ModuleContainer.java:1476)
	at org.eclipse.osgi.container.ModuleContainer$ContainerStartLevel.dispatchEvent(ModuleContainer.java:1)
	at org.eclipse.osgi.framework.eventmgr.EventManager.dispatchEvent(EventManager.java:230)
	at org.eclipse.osgi.framework.eventmgr.EventManager$EventThread.run(EventManager.java:340)

!ENTRY org.eclipse.osgi 2 0 2018-04-10 10:29:08.954
!MESSAGE While loading class "org.eclipse.core.internal.runtime.CompatibilityHelper", thread "Thread[Start Level: Equinox Container: b0c272b9-7b3c-0018-1d48-f95fcb76bf6d,5,main]" timed out waiting (5273ms) for thread "Thread[Component Resolve Thread,5,main]" to finish starting bundle "org.eclipse.core.runtime_3.10.0.v20140318-2214 [86]". To avoid deadlock, thread "Thread[Start Level: Equinox Container: b0c272b9-7b3c-0018-1d48-f95fcb76bf6d,5,main]" is proceeding but "org.eclipse.core.internal.runtime.CompatibilityHelper" may not be fully initialized.
!STACK 0
org.osgi.framework.BundleException: Unable to acquire the state change lock for the module: osgi.identity; osgi.identity="org.eclipse.core.runtime"; type="osgi.bundle"; version:Version="3.10.0.v20140318-2214"; singleton:="true" [id=86] STARTED [STARTED]
	at org.eclipse.osgi.container.Module.lockStateChange(Module.java:329)
	at org.eclipse.osgi.container.Module.start(Module.java:389)
	at org.eclipse.osgi.framework.util.SecureAction.start(SecureAction.java:454)
	at org.eclipse.osgi.internal.hooks.EclipseLazyStarter.postFindLocalClass(EclipseLazyStarter.java:107)
	at org.eclipse.osgi.internal.loader.classpath.ClasspathManager.findLocalClass(ClasspathManager.java:531)
	at org.eclipse.osgi.internal.loader.ModuleClassLoader.findLocalClass(ModuleClassLoader.java:324)
	at org.eclipse.osgi.internal.loader.BundleLoader.findLocalClass(BundleLoader.java:311)
	at org.eclipse.osgi.internal.loader.sources.SingleSourcePackage.loadClass(SingleSourcePackage.java:36)
	at org.eclipse.osgi.internal.loader.sources.MultiSourcePackage.loadClass(MultiSourcePackage.java:32)
	at org.eclipse.osgi.internal.loader.BundleLoader.findClassInternal(BundleLoader.java:382)
	at org.eclipse.osgi.internal.loader.BundleLoader.findClass(BundleLoader.java:336)
	at org.eclipse.osgi.internal.loader.BundleLoader.findClass(BundleLoader.java:328)
	at org.eclipse.osgi.internal.loader.ModuleClassLoader.loadClass(ModuleClassLoader.java:160)
	at java.lang.ClassLoader.loadClass(Unknown Source)
	at org.eclipse.core.internal.plugins.CompatibilityActivator.start(CompatibilityActivator.java:22)
	at org.eclipse.osgi.internal.framework.BundleContextImpl$3.run(BundleContextImpl.java:771)
	at org.eclipse.osgi.internal.framework.BundleContextImpl$3.run(BundleContextImpl.java:1)
	at java.security.AccessController.doPrivileged(Native Method)
	at org.eclipse.osgi.internal.framework.BundleContextImpl.startActivator(BundleContextImpl.java:764)
	at org.eclipse.osgi.internal.framework.BundleContextImpl.start(BundleContextImpl.java:721)
	at org.eclipse.osgi.internal.framework.EquinoxBundle.startWorker0(EquinoxBundle.java:936)
	at org.eclipse.osgi.internal.framework.EquinoxBundle$EquinoxModule.startWorker(EquinoxBundle.java:319)
	at org.eclipse.osgi.container.Module.doStart(Module.java:571)
	at org.eclipse.osgi.container.Module.start(Module.java:439)
	at org.eclipse.osgi.framework.util.SecureAction.start(SecureAction.java:454)
	at org.eclipse.osgi.internal.hooks.EclipseLazyStarter.postFindLocalClass(EclipseLazyStarter.java:107)
	at org.eclipse.osgi.internal.loader.classpath.ClasspathManager.findLocalClass(ClasspathManager.java:531)
	at org.eclipse.osgi.internal.loader.ModuleClassLoader.findLocalClass(ModuleClassLoader.java:324)
	at org.eclipse.osgi.internal.loader.BundleLoader.findLocalClass(BundleLoader.java:311)
	at org.eclipse.osgi.internal.loader.BundleLoader.findClassInternal(BundleLoader.java:386)
	at org.eclipse.osgi.internal.loader.BundleLoader.findClass(BundleLoader.java:336)
	at org.eclipse.osgi.internal.loader.BundleLoader.findClass(BundleLoader.java:328)
	at org.eclipse.osgi.internal.loader.ModuleClassLoader.loadClass(ModuleClassLoader.java:160)
	at java.lang.ClassLoader.loadClass(Unknown Source)
	at org.eclipse.osgi.internal.framework.EquinoxBundle.loadClass(EquinoxBundle.java:568)
	at org.eclipse.core.internal.runtime.CompatibilityHelper.getPluginDescriptor(CompatibilityHelper.java:64)
	at org.eclipse.core.runtime.Plugin.initializeDescriptor(Plugin.java:783)
	at org.eclipse.core.runtime.Plugin.start(Plugin.java:768)
	at org.eclipse.m2e.logback.configuration.LogPlugin.start(LogPlugin.java:81)
	at org.eclipse.osgi.internal.framework.BundleContextImpl$3.run(BundleContextImpl.java:771)
	at org.eclipse.osgi.internal.framework.BundleContextImpl$3.run(BundleContextImpl.java:1)
	at java.security.AccessController.doPrivileged(Native Method)
	at org.eclipse.osgi.internal.framework.BundleContextImpl.startActivator(BundleContextImpl.java:764)
	at org.eclipse.osgi.internal.framework.BundleContextImpl.start(BundleContextImpl.java:721)
	at org.eclipse.osgi.internal.framework.EquinoxBundle.startWorker0(EquinoxBundle.java:936)
	at org.eclipse.osgi.internal.framework.EquinoxBundle$EquinoxModule.startWorker(EquinoxBundle.java:319)
	at org.eclipse.osgi.container.Module.doStart(Module.java:571)
	at org.eclipse.osgi.container.Module.start(Module.java:439)
	at org.eclipse.osgi.container.ModuleContainer$ContainerStartLevel.incStartLevel(ModuleContainer.java:1582)
	at org.eclipse.osgi.container.ModuleContainer$ContainerStartLevel.incStartLevel(ModuleContainer.java:1562)
	at org.eclipse.osgi.container.ModuleContainer$ContainerStartLevel.doContainerStartLevel(ModuleContainer.java:1533)
	at org.eclipse.osgi.container.ModuleContainer$ContainerStartLevel.dispatchEvent(ModuleContainer.java:1476)
	at org.eclipse.osgi.container.ModuleContainer$ContainerStartLevel.dispatchEvent(ModuleContainer.java:1)
	at org.eclipse.osgi.framework.eventmgr.EventManager.dispatchEvent(EventManager.java:230)
	at org.eclipse.osgi.framework.eventmgr.EventManager$EventThread.run(EventManager.java:340)

!ENTRY org.eclipse.osgi 2 0 2018-04-10 10:29:13.977
!MESSAGE While loading class "org.eclipse.core.runtime.IPluginRegistry", thread "Thread[Start Level: Equinox Container: b0c272b9-7b3c-0018-1d48-f95fcb76bf6d,5,main]" timed out waiting (5023ms) for thread "Thread[Component Resolve Thread,5,main]" to finish starting bundle "org.eclipse.core.runtime_3.10.0.v20140318-2214 [86]". To avoid deadlock, thread "Thread[Start Level: Equinox Container: b0c272b9-7b3c-0018-1d48-f95fcb76bf6d,5,main]" is proceeding but "org.eclipse.core.runtime.IPluginRegistry" may not be fully initialized.
!STACK 0
org.osgi.framework.BundleException: Unable to acquire the state change lock for the module: osgi.identity; osgi.identity="org.eclipse.core.runtime"; type="osgi.bundle"; version:Version="3.10.0.v20140318-2214"; singleton:="true" [id=86] STARTED [STARTED]
	at org.eclipse.osgi.container.Module.lockStateChange(Module.java:329)
	at org.eclipse.osgi.container.Module.start(Module.java:389)
	at org.eclipse.osgi.framework.util.SecureAction.start(SecureAction.java:454)
	at org.eclipse.osgi.internal.hooks.EclipseLazyStarter.postFindLocalClass(EclipseLazyStarter.java:107)
	at org.eclipse.osgi.internal.loader.classpath.ClasspathManager.findLocalClass(ClasspathManager.java:531)
	at org.eclipse.osgi.internal.loader.ModuleClassLoader.findLocalClass(ModuleClassLoader.java:324)
	at org.eclipse.osgi.internal.loader.BundleLoader.findLocalClass(BundleLoader.java:311)
	at org.eclipse.osgi.internal.loader.sources.SingleSourcePackage.loadClass(SingleSourcePackage.java:36)
	at org.eclipse.osgi.internal.loader.sources.MultiSourcePackage.loadClass(MultiSourcePackage.java:32)
	at org.eclipse.osgi.internal.loader.BundleLoader.findClassInternal(BundleLoader.java:382)
	at org.eclipse.osgi.internal.loader.BundleLoader.findClass(BundleLoader.java:336)
	at org.eclipse.osgi.internal.loader.BundleLoader.findClass(BundleLoader.java:328)
	at org.eclipse.osgi.internal.loader.ModuleClassLoader.loadClass(ModuleClassLoader.java:160)
	at java.lang.ClassLoader.loadClass(Unknown Source)
	at java.lang.Class.getDeclaredMethods0(Native Method)
	at java.lang.Class.privateGetDeclaredMethods(Unknown Source)
	at java.lang.Class.privateGetMethodRecursive(Unknown Source)
	at java.lang.Class.getMethod0(Unknown Source)
	at java.lang.Class.getMethod(Unknown Source)
	at org.eclipse.core.internal.runtime.CompatibilityHelper.getPluginDescriptor(CompatibilityHelper.java:65)
	at org.eclipse.core.internal.plugins.CompatibilityActivator.start(CompatibilityActivator.java:22)
	at org.eclipse.osgi.internal.framework.BundleContextImpl$3.run(BundleContextImpl.java:771)
	at org.eclipse.osgi.internal.framework.BundleContextImpl$3.run(BundleContextImpl.java:1)
	at java.security.AccessController.doPrivileged(Native Method)
	at org.eclipse.osgi.internal.framework.BundleContextImpl.startActivator(BundleContextImpl.java:764)
	at org.eclipse.osgi.internal.framework.BundleContextImpl.start(BundleContextImpl.java:721)
	at org.eclipse.osgi.internal.framework.EquinoxBundle.startWorker0(EquinoxBundle.java:936)
	at org.eclipse.osgi.internal.framework.EquinoxBundle$EquinoxModule.startWorker(EquinoxBundle.java:319)
	at org.eclipse.osgi.container.Module.doStart(Module.java:571)
	at org.eclipse.osgi.container.Module.start(Module.java:439)
	at org.eclipse.osgi.framework.util.SecureAction.start(SecureAction.java:454)
	at org.eclipse.osgi.internal.hooks.EclipseLazyStarter.postFindLocalClass(EclipseLazyStarter.java:107)
	at org.eclipse.osgi.internal.loader.classpath.ClasspathManager.findLocalClass(ClasspathManager.java:531)
	at org.eclipse.osgi.internal.loader.ModuleClassLoader.findLocalClass(ModuleClassLoader.java:324)
	at org.eclipse.osgi.internal.loader.BundleLoader.findLocalClass(BundleLoader.java:311)
	at org.eclipse.osgi.internal.loader.BundleLoader.findClassInternal(BundleLoader.java:386)
	at org.eclipse.osgi.internal.loader.BundleLoader.findClass(BundleLoader.java:336)
	at org.eclipse.osgi.internal.loader.BundleLoader.findClass(BundleLoader.java:328)
	at org.eclipse.osgi.internal.loader.ModuleClassLoader.loadClass(ModuleClassLoader.java:160)
	at java.lang.ClassLoader.loadClass(Unknown Source)
	at org.eclipse.osgi.internal.framework.EquinoxBundle.loadClass(EquinoxBundle.java:568)
	at org.eclipse.core.internal.runtime.CompatibilityHelper.getPluginDescriptor(CompatibilityHelper.java:64)
	at org.eclipse.core.runtime.Plugin.initializeDescriptor(Plugin.java:783)
	at org.eclipse.core.runtime.Plugin.start(Plugin.java:768)
	at org.eclipse.m2e.logback.configuration.LogPlugin.start(LogPlugin.java:81)
	at org.eclipse.osgi.internal.framework.BundleContextImpl$3.run(BundleContextImpl.java:771)
	at org.eclipse.osgi.internal.framework.BundleContextImpl$3.run(BundleContextImpl.java:1)
	at java.security.AccessController.doPrivileged(Native Method)
	at org.eclipse.osgi.internal.framework.BundleContextImpl.startActivator(BundleContextImpl.java:764)
	at org.eclipse.osgi.internal.framework.BundleContextImpl.start(BundleContextImpl.java:721)
	at org.eclipse.osgi.internal.framework.EquinoxBundle.startWorker0(EquinoxBundle.java:936)
	at org.eclipse.osgi.internal.framework.EquinoxBundle$EquinoxModule.startWorker(EquinoxBundle.java:319)
	at org.eclipse.osgi.container.Module.doStart(Module.java:571)
	at org.eclipse.osgi.container.Module.start(Module.java:439)
	at org.eclipse.osgi.container.ModuleContainer$ContainerStartLevel.incStartLevel(ModuleContainer.java:1582)
	at org.eclipse.osgi.container.ModuleContainer$ContainerStartLevel.incStartLevel(ModuleContainer.java:1562)
	at org.eclipse.osgi.container.ModuleContainer$ContainerStartLevel.doContainerStartLevel(ModuleContainer.java:1533)
	at org.eclipse.osgi.container.ModuleContainer$ContainerStartLevel.dispatchEvent(ModuleContainer.java:1476)
	at org.eclipse.osgi.container.ModuleContainer$ContainerStartLevel.dispatchEvent(ModuleContainer.java:1)
	at org.eclipse.osgi.framework.eventmgr.EventManager.dispatchEvent(EventManager.java:230)
	at org.eclipse.osgi.framework.eventmgr.EventManager$EventThread.run(EventManager.java:340)

!ENTRY org.eclipse.osgi 2 0 2018-04-10 10:29:19.047
!MESSAGE While loading class "org.eclipse.core.internal.runtime.InternalPlatform", thread "Thread[Start Level: Equinox Container: b0c272b9-7b3c-0018-1d48-f95fcb76bf6d,5,main]" timed out waiting (5070ms) for thread "Thread[Component Resolve Thread,5,main]" to finish starting bundle "org.eclipse.core.runtime_3.10.0.v20140318-2214 [86]". To avoid deadlock, thread "Thread[Start Level: Equinox Container: b0c272b9-7b3c-0018-1d48-f95fcb76bf6d,5,main]" is proceeding but "org.eclipse.core.internal.runtime.InternalPlatform" may not be fully initialized.
!STACK 0
org.osgi.framework.BundleException: Unable to acquire the state change lock for the module: osgi.identity; osgi.identity="org.eclipse.core.runtime"; type="osgi.bundle"; version:Version="3.10.0.v20140318-2214"; singleton:="true" [id=86] STARTED [STARTED]
	at org.eclipse.osgi.container.Module.lockStateChange(Module.java:329)
	at org.eclipse.osgi.container.Module.start(Module.java:389)
	at org.eclipse.osgi.framework.util.SecureAction.start(SecureAction.java:454)
	at org.eclipse.osgi.internal.hooks.EclipseLazyStarter.postFindLocalClass(EclipseLazyStarter.java:107)
	at org.eclipse.osgi.internal.loader.classpath.ClasspathManager.findLocalClass(ClasspathManager.java:531)
	at org.eclipse.osgi.internal.loader.ModuleClassLoader.findLocalClass(ModuleClassLoader.java:324)
	at org.eclipse.osgi.internal.loader.BundleLoader.findLocalClass(BundleLoader.java:311)
	at org.eclipse.osgi.internal.loader.sources.SingleSourcePackage.loadClass(SingleSourcePackage.java:36)
	at org.eclipse.osgi.internal.loader.sources.MultiSourcePackage.loadClass(MultiSourcePackage.java:32)
	at org.eclipse.osgi.internal.loader.BundleLoader.findClassInternal(BundleLoader.java:382)
	at org.eclipse.osgi.internal.loader.BundleLoader.findClass(BundleLoader.java:336)
	at org.eclipse.osgi.internal.loader.BundleLoader.findClass(BundleLoader.java:328)
	at org.eclipse.osgi.internal.loader.ModuleClassLoader.loadClass(ModuleClassLoader.java:160)
	at java.lang.ClassLoader.loadClass(Unknown Source)
	at org.eclipse.core.internal.plugins.PluginRegistry.<init>(PluginRegistry.java:30)
	at org.eclipse.core.internal.plugins.InternalPlatform.getPluginRegistry(InternalPlatform.java:30)
	at org.eclipse.core.internal.plugins.InternalPlatform.getPluginDescriptor(InternalPlatform.java:36)
	at sun.reflect.NativeMethodAccessorImpl.invoke0(Native Method)
	at sun.reflect.NativeMethodAccessorImpl.invoke(Unknown Source)
	at sun.reflect.DelegatingMethodAccessorImpl.invoke(Unknown Source)
	at java.lang.reflect.Method.invoke(Unknown Source)
	at org.eclipse.core.internal.runtime.CompatibilityHelper.getPluginDescriptor(CompatibilityHelper.java:66)
	at org.eclipse.core.internal.plugins.CompatibilityActivator.start(CompatibilityActivator.java:22)
	at org.eclipse.osgi.internal.framework.BundleContextImpl$3.run(BundleContextImpl.java:771)
	at org.eclipse.osgi.internal.framework.BundleContextImpl$3.run(BundleContextImpl.java:1)
	at java.security.AccessController.doPrivileged(Native Method)
	at org.eclipse.osgi.internal.framework.BundleContextImpl.startActivator(BundleContextImpl.java:764)
	at org.eclipse.osgi.internal.framework.BundleContextImpl.start(BundleContextImpl.java:721)
	at org.eclipse.osgi.internal.framework.EquinoxBundle.startWorker0(EquinoxBundle.java:936)
	at org.eclipse.osgi.internal.framework.EquinoxBundle$EquinoxModule.startWorker(EquinoxBundle.java:319)
	at org.eclipse.osgi.container.Module.doStart(Module.java:571)
	at org.eclipse.osgi.container.Module.start(Module.java:439)
	at org.eclipse.osgi.framework.util.SecureAction.start(SecureAction.java:454)
	at org.eclipse.osgi.internal.hooks.EclipseLazyStarter.postFindLocalClass(EclipseLazyStarter.java:107)
	at org.eclipse.osgi.internal.loader.classpath.ClasspathManager.findLocalClass(ClasspathManager.java:531)
	at org.eclipse.osgi.internal.loader.ModuleClassLoader.findLocalClass(ModuleClassLoader.java:324)
	at org.eclipse.osgi.internal.loader.BundleLoader.findLocalClass(BundleLoader.java:311)
	at org.eclipse.osgi.internal.loader.BundleLoader.findClassInternal(BundleLoader.java:386)
	at org.eclipse.osgi.internal.loader.BundleLoader.findClass(BundleLoader.java:336)
	at org.eclipse.osgi.internal.loader.BundleLoader.findClass(BundleLoader.java:328)
	at org.eclipse.osgi.internal.loader.ModuleClassLoader.loadClass(ModuleClassLoader.java:160)
	at java.lang.ClassLoader.loadClass(Unknown Source)
	at org.eclipse.osgi.internal.framework.EquinoxBundle.loadClass(EquinoxBundle.java:568)
	at org.eclipse.core.internal.runtime.CompatibilityHelper.getPluginDescriptor(CompatibilityHelper.java:64)
	at org.eclipse.core.runtime.Plugin.initializeDescriptor(Plugin.java:783)
	at org.eclipse.core.runtime.Plugin.start(Plugin.java:768)
	at org.eclipse.m2e.logback.configuration.LogPlugin.start(LogPlugin.java:81)
	at org.eclipse.osgi.internal.framework.BundleContextImpl$3.run(BundleContextImpl.java:771)
	at org.eclipse.osgi.internal.framework.BundleContextImpl$3.run(BundleContextImpl.java:1)
	at java.security.AccessController.doPrivileged(Native Method)
	at org.eclipse.osgi.internal.framework.BundleContextImpl.startActivator(BundleContextImpl.java:764)
	at org.eclipse.osgi.internal.framework.BundleContextImpl.start(BundleContextImpl.java:721)
	at org.eclipse.osgi.internal.framework.EquinoxBundle.startWorker0(EquinoxBundle.java:936)
	at org.eclipse.osgi.internal.framework.EquinoxBundle$EquinoxModule.startWorker(EquinoxBundle.java:319)
	at org.eclipse.osgi.container.Module.doStart(Module.java:571)
	at org.eclipse.osgi.container.Module.start(Module.java:439)
	at org.eclipse.osgi.container.ModuleContainer$ContainerStartLevel.incStartLevel(ModuleContainer.java:1582)
	at org.eclipse.osgi.container.ModuleContainer$ContainerStartLevel.incStartLevel(ModuleContainer.java:1562)
	at org.eclipse.osgi.container.ModuleContainer$ContainerStartLevel.doContainerStartLevel(ModuleContainer.java:1533)
	at org.eclipse.osgi.container.ModuleContainer$ContainerStartLevel.dispatchEvent(ModuleContainer.java:1476)
	at org.eclipse.osgi.container.ModuleContainer$ContainerStartLevel.dispatchEvent(ModuleContainer.java:1)
	at org.eclipse.osgi.framework.eventmgr.EventManager.dispatchEvent(EventManager.java:230)
	at org.eclipse.osgi.framework.eventmgr.EventManager$EventThread.run(EventManager.java:340)

!ENTRY org.eclipse.osgi 2 0 2018-04-10 10:29:24.055
!MESSAGE While loading class "org.eclipse.core.runtime.Plugin", thread "Thread[Start Level: Equinox Container: b0c272b9-7b3c-0018-1d48-f95fcb76bf6d,5,main]" timed out waiting (5008ms) for thread "Thread[Component Resolve Thread,5,main]" to finish starting bundle "org.eclipse.core.runtime_3.10.0.v20140318-2214 [86]". To avoid deadlock, thread "Thread[Start Level: Equinox Container: b0c272b9-7b3c-0018-1d48-f95fcb76bf6d,5,main]" is proceeding but "org.eclipse.core.runtime.Plugin" may not be fully initialized.
!STACK 0
org.osgi.framework.BundleException: Unable to acquire the state change lock for the module: osgi.identity; osgi.identity="org.eclipse.core.runtime"; type="osgi.bundle"; version:Version="3.10.0.v20140318-2214"; singleton:="true" [id=86] STARTED [STARTED]
	at org.eclipse.osgi.container.Module.lockStateChange(Module.java:329)
	at org.eclipse.osgi.container.Module.start(Module.java:389)
	at org.eclipse.osgi.framework.util.SecureAction.start(SecureAction.java:454)
	at org.eclipse.osgi.internal.hooks.EclipseLazyStarter.postFindLocalClass(EclipseLazyStarter.java:107)
	at org.eclipse.osgi.internal.loader.classpath.ClasspathManager.findLocalClass(ClasspathManager.java:531)
	at org.eclipse.osgi.internal.loader.ModuleClassLoader.findLocalClass(ModuleClassLoader.java:324)
	at org.eclipse.osgi.internal.loader.BundleLoader.findLocalClass(BundleLoader.java:311)
	at org.eclipse.osgi.internal.loader.sources.SingleSourcePackage.loadClass(SingleSourcePackage.java:36)
	at org.eclipse.osgi.internal.loader.sources.MultiSourcePackage.loadClass(MultiSourcePackage.java:32)
	at org.eclipse.osgi.internal.loader.BundleLoader.findClassInternal(BundleLoader.java:382)
	at org.eclipse.osgi.internal.loader.BundleLoader.findClass(BundleLoader.java:336)
	at org.eclipse.osgi.internal.loader.BundleLoader.findClass(BundleLoader.java:328)
	at org.eclipse.osgi.internal.loader.ModuleClassLoader.loadClass(ModuleClassLoader.java:160)
	at java.lang.ClassLoader.loadClass(Unknown Source)
	at org.eclipse.core.internal.plugins.PluginRegistry.getPluginDescriptor(PluginRegistry.java:117)
	at org.eclipse.core.internal.plugins.PluginRegistry.getPluginDescriptor(PluginRegistry.java:104)
	at org.eclipse.core.internal.plugins.InternalPlatform.getPluginDescriptor(InternalPlatform.java:36)
	at sun.reflect.NativeMethodAccessorImpl.invoke0(Native Method)
	at sun.reflect.NativeMethodAccessorImpl.invoke(Unknown Source)
	at sun.reflect.DelegatingMethodAccessorImpl.invoke(Unknown Source)
	at java.lang.reflect.Method.invoke(Unknown Source)
	at org.eclipse.core.internal.runtime.CompatibilityHelper.getPluginDescriptor(CompatibilityHelper.java:66)
	at org.eclipse.core.internal.plugins.CompatibilityActivator.start(CompatibilityActivator.java:22)
	at org.eclipse.osgi.internal.framework.BundleContextImpl$3.run(BundleContextImpl.java:771)
	at org.eclipse.osgi.internal.framework.BundleContextImpl$3.run(BundleContextImpl.java:1)
	at java.security.AccessController.doPrivileged(Native Method)
	at org.eclipse.osgi.internal.framework.BundleContextImpl.startActivator(BundleContextImpl.java:764)
	at org.eclipse.osgi.internal.framework.BundleContextImpl.start(BundleContextImpl.java:721)
	at org.eclipse.osgi.internal.framework.EquinoxBundle.startWorker0(EquinoxBundle.java:936)
	at org.eclipse.osgi.internal.framework.EquinoxBundle$EquinoxModule.startWorker(EquinoxBundle.java:319)
	at org.eclipse.osgi.container.Module.doStart(Module.java:571)
	at org.eclipse.osgi.container.Module.start(Module.java:439)
	at org.eclipse.osgi.framework.util.SecureAction.start(SecureAction.java:454)
	at org.eclipse.osgi.internal.hooks.EclipseLazyStarter.postFindLocalClass(EclipseLazyStarter.java:107)
	at org.eclipse.osgi.internal.loader.classpath.ClasspathManager.findLocalClass(ClasspathManager.java:531)
	at org.eclipse.osgi.internal.loader.ModuleClassLoader.findLocalClass(ModuleClassLoader.java:324)
	at org.eclipse.osgi.internal.loader.BundleLoader.findLocalClass(BundleLoader.java:311)
	at org.eclipse.osgi.internal.loader.BundleLoader.findClassInternal(BundleLoader.java:386)
	at org.eclipse.osgi.internal.loader.BundleLoader.findClass(BundleLoader.java:336)
	at org.eclipse.osgi.internal.loader.BundleLoader.findClass(BundleLoader.java:328)
	at org.eclipse.osgi.internal.loader.ModuleClassLoader.loadClass(ModuleClassLoader.java:160)
	at java.lang.ClassLoader.loadClass(Unknown Source)
	at org.eclipse.osgi.internal.framework.EquinoxBundle.loadClass(EquinoxBundle.java:568)
	at org.eclipse.core.internal.runtime.CompatibilityHelper.getPluginDescriptor(CompatibilityHelper.java:64)
	at org.eclipse.core.runtime.Plugin.initializeDescriptor(Plugin.java:783)
	at org.eclipse.core.runtime.Plugin.start(Plugin.java:768)
	at org.eclipse.m2e.logback.configuration.LogPlugin.start(LogPlugin.java:81)
	at org.eclipse.osgi.internal.framework.BundleContextImpl$3.run(BundleContextImpl.java:771)
	at org.eclipse.osgi.internal.framework.BundleContextImpl$3.run(BundleContextImpl.java:1)
	at java.security.AccessController.doPrivileged(Native Method)
	at org.eclipse.osgi.internal.framework.BundleContextImpl.startActivator(BundleContextImpl.java:764)
	at org.eclipse.osgi.internal.framework.BundleContextImpl.start(BundleContextImpl.java:721)
	at org.eclipse.osgi.internal.framework.EquinoxBundle.startWorker0(EquinoxBundle.java:936)
	at org.eclipse.osgi.internal.framework.EquinoxBundle$EquinoxModule.startWorker(EquinoxBundle.java:319)
	at org.eclipse.osgi.container.Module.doStart(Module.java:571)
	at org.eclipse.osgi.container.Module.start(Module.java:439)
	at org.eclipse.osgi.container.ModuleContainer$ContainerStartLevel.incStartLevel(ModuleContainer.java:1582)
	at org.eclipse.osgi.container.ModuleContainer$ContainerStartLevel.incStartLevel(ModuleContainer.java:1562)
	at org.eclipse.osgi.container.ModuleContainer$ContainerStartLevel.doContainerStartLevel(ModuleContainer.java:1533)
	at org.eclipse.osgi.container.ModuleContainer$ContainerStartLevel.dispatchEvent(ModuleContainer.java:1476)
	at org.eclipse.osgi.container.ModuleContainer$ContainerStartLevel.dispatchEvent(ModuleContainer.java:1)
	at org.eclipse.osgi.framework.eventmgr.EventManager.dispatchEvent(EventManager.java:230)
	at org.eclipse.osgi.framework.eventmgr.EventManager$EventThread.run(EventManager.java:340)

!ENTRY org.eclipse.osgi 2 0 2018-04-10 10:29:29.062
!MESSAGE While loading class "org.eclipse.core.runtime.ILibrary", thread "Thread[Start Level: Equinox Container: b0c272b9-7b3c-0018-1d48-f95fcb76bf6d,5,main]" timed out waiting (5007ms) for thread "Thread[Component Resolve Thread,5,main]" to finish starting bundle "org.eclipse.core.runtime_3.10.0.v20140318-2214 [86]". To avoid deadlock, thread "Thread[Start Level: Equinox Container: b0c272b9-7b3c-0018-1d48-f95fcb76bf6d,5,main]" is proceeding but "org.eclipse.core.runtime.ILibrary" may not be fully initialized.
!STACK 0
org.osgi.framework.BundleException: Unable to acquire the state change lock for the module: osgi.identity; osgi.identity="org.eclipse.core.runtime"; type="osgi.bundle"; version:Version="3.10.0.v20140318-2214"; singleton:="true" [id=86] STARTED [STARTED]
	at org.eclipse.osgi.container.Module.lockStateChange(Module.java:329)
	at org.eclipse.osgi.container.Module.start(Module.java:389)
	at org.eclipse.osgi.framework.util.SecureAction.start(SecureAction.java:454)
	at org.eclipse.osgi.internal.hooks.EclipseLazyStarter.postFindLocalClass(EclipseLazyStarter.java:107)
	at org.eclipse.osgi.internal.loader.classpath.ClasspathManager.findLocalClass(ClasspathManager.java:531)
	at org.eclipse.osgi.internal.loader.ModuleClassLoader.findLocalClass(ModuleClassLoader.java:324)
	at org.eclipse.osgi.internal.loader.BundleLoader.findLocalClass(BundleLoader.java:311)
	at org.eclipse.osgi.internal.loader.sources.SingleSourcePackage.loadClass(SingleSourcePackage.java:36)
	at org.eclipse.osgi.internal.loader.sources.MultiSourcePackage.loadClass(MultiSourcePackage.java:32)
	at org.eclipse.osgi.internal.loader.BundleLoader.findClassInternal(BundleLoader.java:382)
	at org.eclipse.osgi.internal.loader.BundleLoader.findClass(BundleLoader.java:336)
	at org.eclipse.osgi.internal.loader.BundleLoader.findClass(BundleLoader.java:328)
	at org.eclipse.osgi.internal.loader.ModuleClassLoader.loadClass(ModuleClassLoader.java:160)
	at java.lang.ClassLoader.loadClass(Unknown Source)
	at java.lang.Class.getDeclaredMethods0(Native Method)
	at java.lang.Class.privateGetDeclaredMethods(Unknown Source)
	at java.lang.Class.privateGetMethodRecursive(Unknown Source)
	at java.lang.Class.getMethod0(Unknown Source)
	at java.lang.Class.getMethod(Unknown Source)
	at org.eclipse.core.internal.runtime.CompatibilityHelper.setPlugin(CompatibilityHelper.java:49)
	at org.eclipse.core.internal.plugins.CompatibilityActivator.start(CompatibilityActivator.java:23)
	at org.eclipse.osgi.internal.framework.BundleContextImpl$3.run(BundleContextImpl.java:771)
	at org.eclipse.osgi.internal.framework.BundleContextImpl$3.run(BundleContextImpl.java:1)
	at java.security.AccessController.doPrivileged(Native Method)
	at org.eclipse.osgi.internal.framework.BundleContextImpl.startActivator(BundleContextImpl.java:764)
	at org.eclipse.osgi.internal.framework.BundleContextImpl.start(BundleContextImpl.java:721)
	at org.eclipse.osgi.internal.framework.EquinoxBundle.startWorker0(EquinoxBundle.java:936)
	at org.eclipse.osgi.internal.framework.EquinoxBundle$EquinoxModule.startWorker(EquinoxBundle.java:319)
	at org.eclipse.osgi.container.Module.doStart(Module.java:571)
	at org.eclipse.osgi.container.Module.start(Module.java:439)
	at org.eclipse.osgi.framework.util.SecureAction.start(SecureAction.java:454)
	at org.eclipse.osgi.internal.hooks.EclipseLazyStarter.postFindLocalClass(EclipseLazyStarter.java:107)
	at org.eclipse.osgi.internal.loader.classpath.ClasspathManager.findLocalClass(ClasspathManager.java:531)
	at org.eclipse.osgi.internal.loader.ModuleClassLoader.findLocalClass(ModuleClassLoader.java:324)
	at org.eclipse.osgi.internal.loader.BundleLoader.findLocalClass(BundleLoader.java:311)
	at org.eclipse.osgi.internal.loader.BundleLoader.findClassInternal(BundleLoader.java:386)
	at org.eclipse.osgi.internal.loader.BundleLoader.findClass(BundleLoader.java:336)
	at org.eclipse.osgi.internal.loader.BundleLoader.findClass(BundleLoader.java:328)
	at org.eclipse.osgi.internal.loader.ModuleClassLoader.loadClass(ModuleClassLoader.java:160)
	at java.lang.ClassLoader.loadClass(Unknown Source)
	at org.eclipse.osgi.internal.framework.EquinoxBundle.loadClass(EquinoxBundle.java:568)
	at org.eclipse.core.internal.runtime.CompatibilityHelper.getPluginDescriptor(CompatibilityHelper.java:64)
	at org.eclipse.core.runtime.Plugin.initializeDescriptor(Plugin.java:783)
	at org.eclipse.core.runtime.Plugin.start(Plugin.java:768)
	at org.eclipse.m2e.logback.configuration.LogPlugin.start(LogPlugin.java:81)
	at org.eclipse.osgi.internal.framework.BundleContextImpl$3.run(BundleContextImpl.java:771)
	at org.eclipse.osgi.internal.framework.BundleContextImpl$3.run(BundleContextImpl.java:1)
	at java.security.AccessController.doPrivileged(Native Method)
	at org.eclipse.osgi.internal.framework.BundleContextImpl.startActivator(BundleContextImpl.java:764)
	at org.eclipse.osgi.internal.framework.BundleContextImpl.start(BundleContextImpl.java:721)
	at org.eclipse.osgi.internal.framework.EquinoxBundle.startWorker0(EquinoxBundle.java:936)
	at org.eclipse.osgi.internal.framework.EquinoxBundle$EquinoxModule.startWorker(EquinoxBundle.java:319)
	at org.eclipse.osgi.container.Module.doStart(Module.java:571)
	at org.eclipse.osgi.container.Module.start(Module.java:439)
	at org.eclipse.osgi.container.ModuleContainer$ContainerStartLevel.incStartLevel(ModuleContainer.java:1582)
	at org.eclipse.osgi.container.ModuleContainer$ContainerStartLevel.incStartLevel(ModuleContainer.java:1562)
	at org.eclipse.osgi.container.ModuleContainer$ContainerStartLevel.doContainerStartLevel(ModuleContainer.java:1533)
	at org.eclipse.osgi.container.ModuleContainer$ContainerStartLevel.dispatchEvent(ModuleContainer.java:1476)
	at org.eclipse.osgi.container.ModuleContainer$ContainerStartLevel.dispatchEvent(ModuleContainer.java:1)
	at org.eclipse.osgi.framework.eventmgr.EventManager.dispatchEvent(EventManager.java:230)
	at org.eclipse.osgi.framework.eventmgr.EventManager$EventThread.run(EventManager.java:340)

!ENTRY org.eclipse.osgi 2 0 2018-04-10 10:29:34.070
!MESSAGE While loading class "org.eclipse.core.runtime.IPluginPrerequisite", thread "Thread[Start Level: Equinox Container: b0c272b9-7b3c-0018-1d48-f95fcb76bf6d,5,main]" timed out waiting (5008ms) for thread "Thread[Component Resolve Thread,5,main]" to finish starting bundle "org.eclipse.core.runtime_3.10.0.v20140318-2214 [86]". To avoid deadlock, thread "Thread[Start Level: Equinox Container: b0c272b9-7b3c-0018-1d48-f95fcb76bf6d,5,main]" is proceeding but "org.eclipse.core.runtime.IPluginPrerequisite" may not be fully initialized.
!STACK 0
org.osgi.framework.BundleException: Unable to acquire the state change lock for the module: osgi.identity; osgi.identity="org.eclipse.core.runtime"; type="osgi.bundle"; version:Version="3.10.0.v20140318-2214"; singleton:="true" [id=86] STARTED [STARTED]
	at org.eclipse.osgi.container.Module.lockStateChange(Module.java:329)
	at org.eclipse.osgi.container.Module.start(Module.java:389)
	at org.eclipse.osgi.framework.util.SecureAction.start(SecureAction.java:454)
	at org.eclipse.osgi.internal.hooks.EclipseLazyStarter.postFindLocalClass(EclipseLazyStarter.java:107)
	at org.eclipse.osgi.internal.loader.classpath.ClasspathManager.findLocalClass(ClasspathManager.java:531)
	at org.eclipse.osgi.internal.loader.ModuleClassLoader.findLocalClass(ModuleClassLoader.java:324)
	at org.eclipse.osgi.internal.loader.BundleLoader.findLocalClass(BundleLoader.java:311)
	at org.eclipse.osgi.internal.loader.sources.SingleSourcePackage.loadClass(SingleSourcePackage.java:36)
	at org.eclipse.osgi.internal.loader.sources.MultiSourcePackage.loadClass(MultiSourcePackage.java:32)
	at org.eclipse.osgi.internal.loader.BundleLoader.findClassInternal(BundleLoader.java:382)
	at org.eclipse.osgi.internal.loader.BundleLoader.findClass(BundleLoader.java:336)
	at org.eclipse.osgi.internal.loader.BundleLoader.findClass(BundleLoader.java:328)
	at org.eclipse.osgi.internal.loader.ModuleClassLoader.loadClass(ModuleClassLoader.java:160)
	at java.lang.ClassLoader.loadClass(Unknown Source)
	at java.lang.Class.getDeclaredMethods0(Native Method)
	at java.lang.Class.privateGetDeclaredMethods(Unknown Source)
	at java.lang.Class.privateGetMethodRecursive(Unknown Source)
	at java.lang.Class.getMethod0(Unknown Source)
	at java.lang.Class.getMethod(Unknown Source)
	at org.eclipse.core.internal.runtime.CompatibilityHelper.setPlugin(CompatibilityHelper.java:49)
	at org.eclipse.core.internal.plugins.CompatibilityActivator.start(CompatibilityActivator.java:23)
	at org.eclipse.osgi.internal.framework.BundleContextImpl$3.run(BundleContextImpl.java:771)
	at org.eclipse.osgi.internal.framework.BundleContextImpl$3.run(BundleContextImpl.java:1)
	at java.security.AccessController.doPrivileged(Native Method)
	at org.eclipse.osgi.internal.framework.BundleContextImpl.startActivator(BundleContextImpl.java:764)
	at org.eclipse.osgi.internal.framework.BundleContextImpl.start(BundleContextImpl.java:721)
	at org.eclipse.osgi.internal.framework.EquinoxBundle.startWorker0(EquinoxBundle.java:936)
	at org.eclipse.osgi.internal.framework.EquinoxBundle$EquinoxModule.startWorker(EquinoxBundle.java:319)
	at org.eclipse.osgi.container.Module.doStart(Module.java:571)
	at org.eclipse.osgi.container.Module.start(Module.java:439)
	at org.eclipse.osgi.framework.util.SecureAction.start(SecureAction.java:454)
	at org.eclipse.osgi.internal.hooks.EclipseLazyStarter.postFindLocalClass(EclipseLazyStarter.java:107)
	at org.eclipse.osgi.internal.loader.classpath.ClasspathManager.findLocalClass(ClasspathManager.java:531)
	at org.eclipse.osgi.internal.loader.ModuleClassLoader.findLocalClass(ModuleClassLoader.java:324)
	at org.eclipse.osgi.internal.loader.BundleLoader.findLocalClass(BundleLoader.java:311)
	at org.eclipse.osgi.internal.loader.BundleLoader.findClassInternal(BundleLoader.java:386)
	at org.eclipse.osgi.internal.loader.BundleLoader.findClass(BundleLoader.java:336)
	at org.eclipse.osgi.internal.loader.BundleLoader.findClass(BundleLoader.java:328)
	at org.eclipse.osgi.internal.loader.ModuleClassLoader.loadClass(ModuleClassLoader.java:160)
	at java.lang.ClassLoader.loadClass(Unknown Source)
	at org.eclipse.osgi.internal.framework.EquinoxBundle.loadClass(EquinoxBundle.java:568)
	at org.eclipse.core.internal.runtime.CompatibilityHelper.getPluginDescriptor(CompatibilityHelper.java:64)
	at org.eclipse.core.runtime.Plugin.initializeDescriptor(Plugin.java:783)
	at org.eclipse.core.runtime.Plugin.start(Plugin.java:768)
	at org.eclipse.m2e.logback.configuration.LogPlugin.start(LogPlugin.java:81)
	at org.eclipse.osgi.internal.framework.BundleContextImpl$3.run(BundleContextImpl.java:771)
	at org.eclipse.osgi.internal.framework.BundleContextImpl$3.run(BundleContextImpl.java:1)
	at java.security.AccessController.doPrivileged(Native Method)
	at org.eclipse.osgi.internal.framework.BundleContextImpl.startActivator(BundleContextImpl.java:764)
	at org.eclipse.osgi.internal.framework.BundleContextImpl.start(BundleContextImpl.java:721)
	at org.eclipse.osgi.internal.framework.EquinoxBundle.startWorker0(EquinoxBundle.java:936)
	at org.eclipse.osgi.internal.framework.EquinoxBundle$EquinoxModule.startWorker(EquinoxBundle.java:319)
	at org.eclipse.osgi.container.Module.doStart(Module.java:571)
	at org.eclipse.osgi.container.Module.start(Module.java:439)
	at org.eclipse.osgi.container.ModuleContainer$ContainerStartLevel.incStartLevel(ModuleContainer.java:1582)
	at org.eclipse.osgi.container.ModuleContainer$ContainerStartLevel.incStartLevel(ModuleContainer.java:1562)
	at org.eclipse.osgi.container.ModuleContainer$ContainerStartLevel.doContainerStartLevel(ModuleContainer.java:1533)
	at org.eclipse.osgi.container.ModuleContainer$ContainerStartLevel.dispatchEvent(ModuleContainer.java:1476)
	at org.eclipse.osgi.container.ModuleContainer$ContainerStartLevel.dispatchEvent(ModuleContainer.java:1)
	at org.eclipse.osgi.framework.eventmgr.EventManager.dispatchEvent(EventManager.java:230)
	at org.eclipse.osgi.framework.eventmgr.EventManager$EventThread.run(EventManager.java:340)

!ENTRY org.eclipse.osgi 4 0 2018-04-10 10:29:34.538
!MESSAGE Application error
!STACK 1
java.lang.UnsatisfiedLinkError: Cannot load 32-bit SWT libraries on 64-bit JVM
	at org.eclipse.swt.internal.Library.loadLibrary(Library.java:259)
	at org.eclipse.swt.internal.Library.loadLibrary(Library.java:236)
	at org.eclipse.swt.internal.C.<clinit>(C.java:21)
	at org.eclipse.swt.widgets.Display.<clinit>(Display.java:138)
	at org.eclipse.ui.internal.Workbench.createDisplay(Workbench.java:716)
	at org.eclipse.ui.PlatformUI.createDisplay(PlatformUI.java:162)
	at org.eclipse.ui.internal.ide.application.IDEApplication.createDisplay(IDEApplication.java:165)
	at org.eclipse.ui.internal.ide.application.IDEApplication.start(IDEApplication.java:107)
	at org.eclipse.equinox.internal.app.EclipseAppHandle.run(EclipseAppHandle.java:196)
	at org.eclipse.core.runtime.internal.adaptor.EclipseAppLauncher.runApplication(EclipseAppLauncher.java:134)
	at org.eclipse.core.runtime.internal.adaptor.EclipseAppLauncher.start(EclipseAppLauncher.java:104)
	at org.eclipse.core.runtime.adaptor.EclipseStarter.run(EclipseStarter.java:382)
	at org.eclipse.core.runtime.adaptor.EclipseStarter.run(EclipseStarter.java:236)
	at sun.reflect.NativeMethodAccessorImpl.invoke0(Native Method)
	at sun.reflect.NativeMethodAccessorImpl.invoke(Unknown Source)
	at sun.reflect.DelegatingMethodAccessorImpl.invoke(Unknown Source)
	at java.lang.reflect.Method.invoke(Unknown Source)
	at org.eclipse.equinox.launcher.Main.invokeFramework(Main.java:648)
	at org.eclipse.equinox.launcher.Main.basicRun(Main.java:603)
	at org.eclipse.equinox.launcher.Main.run(Main.java:1465)
	at org.eclipse.equinox.launcher.Main.main(Main.java:1438)
